#
# There is insufficient memory for the Java Runtime Environment to continue.
# Native memory allocation (mmap) failed to map 486539264 bytes for Failed to commit area from 0x0000000095f00000 to 0x00000000b2f00000 of length 486539264.
# Possible reasons:
#   The system is out of physical RAM or swap space
#   The process is running with CompressedOops enabled, and the Java Heap may be blocking the growth of the native heap
# Possible solutions:
#   Reduce memory load on the system
#   Increase physical memory or swap space
#   Check if swap backing store is full
#   Decrease Java heap size (-Xmx/-Xms)
#   Decrease number of Java threads
#   Decrease Java thread stack sizes (-Xss)
#   Set larger code cache with -XX:ReservedCodeCacheSize=
#   JVM is running with Unscaled Compressed Oops mode in which the Java heap is
#     placed in the first 4GB address space. The Java Heap base address is the
#     maximum limit for the native heap growth. Please use -XX:HeapBaseMinAddress
#     to set the Java Heap base and to place the Java Heap above 4GB virtual address.
# This output file may be truncated or incomplete.
#
#  Out of Memory Error (./open/src/hotspot/os/windows/os_windows.cpp:3292), pid=5512, tid=9028
#
# JRE version: Java(TM) SE Runtime Environment 18.9 (11.0.18+9) (build 11.0.18+9-LTS-195)
# Java VM: Java HotSpot(TM) 64-Bit Server VM 18.9 (11.0.18+9-LTS-195, mixed mode, tiered, compressed oops, g1 gc, windows-amd64)
# No core dump will be written. Minidumps are not enabled by default on client versions of Windows
#

---------------  S U M M A R Y ------------

Command Line: --add-opens=java.base/java.util=ALL-UNNAMED --add-opens=java.base/java.lang=ALL-UNNAMED --add-opens=java.base/java.lang.invoke=ALL-UNNAMED --add-opens=java.base/java.util=ALL-UNNAMED --add-opens=java.prefs/java.util.prefs=ALL-UNNAMED --add-opens=java.prefs/java.util.prefs=ALL-UNNAMED --add-opens=java.base/java.nio.charset=ALL-UNNAMED --add-opens=java.base/java.net=ALL-UNNAMED --add-opens=java.base/java.util.concurrent.atomic=ALL-UNNAMED -Xmx2048m -Dfile.encoding=UTF-8 -Duser.country=US -Duser.language=en -Duser.variant org.gradle.launcher.daemon.bootstrap.GradleDaemon 7.5

Host: AMD Ryzen 3 3200U with Radeon Vega Mobile Gfx  , 4 cores, 5G,  Windows 10 , 64 bit Build 19041 (10.0.19041.2913)
Time: Sat May 13 15:27:04 2023 SE Asia Standard Time elapsed time: 2114.919782 seconds (0d 0h 35m 14s)

---------------  T H R E A D  ---------------

Current thread (0x000001ae6b40e800):  VMThread "VM Thread" [stack: 0x0000003e79400000,0x0000003e79500000] [id=9028]

Stack: [0x0000003e79400000,0x0000003e79500000]
[error occurred during error reporting (printing stack bounds), id 0xc0000005, EXCEPTION_ACCESS_VIOLATION (0xc0000005) at pc=0x000001ae00000f2d]

Native frames: (J=compiled Java code, j=interpreted, Vv=VM code, C=native code)
V  [jvm.dll+0x65d8aa]
V  [jvm.dll+0x79fc1f]
V  [jvm.dll+0x7a12e9]
V  [jvm.dll+0x7a18e5]
V  [jvm.dll+0x7a189b]
V  [jvm.dll+0x65cdb3]
V  [jvm.dll+0x65d4a8]
C  [ntdll.dll+0xa23df]
C  [ntdll.dll+0x514a4]
C  [ntdll.dll+0xa0f0e]
C  0x000001ae00000f2d

VM_Operation (0x0000003e7f5fdac0): G1CollectForAllocation, mode: safepoint, requested by thread 0x000001ae7b3c4000


---------------  P R O C E S S  ---------------

Threads class SMR info:
_java_thread_list=0x000001ae0f138da0, length=100, elements={
0x000001ae6b330000, 0x000001ae79ad5000, 0x000001ae79adf000, 0x000001ae79b37800,
0x000001ae79aec000, 0x000001ae79aed000, 0x000001ae7a442800, 0x000001ae7a447000,
0x000001ae7a453000, 0x000001ae7a5a5000, 0x000001ae7c5c2800, 0x000001ae7a68f000,
0x000001ae7c8ca000, 0x000001ae7c599000, 0x000001ae7c59a800, 0x000001ae7c59b800,
0x000001ae7b230800, 0x000001ae7b231800, 0x000001ae7b22b800, 0x000001ae7b22d000,
0x000001ae7b232000, 0x000001ae7b22c800, 0x000001ae7b233800, 0x000001ae7b235800,
0x000001ae0fc74000, 0x000001ae0fc76000, 0x000001ae0fc72800, 0x000001ae0fc73800,
0x000001ae0f23e800, 0x000001ae0f235800, 0x000001ae0f233000, 0x000001ae0f236000,
0x000001ae0f237000, 0x000001ae0f233800, 0x000001ae0f231000, 0x000001ae0f237800,
0x000001ae0f234800, 0x000001ae0f232000, 0x000001ae0f238800, 0x000001ae0f23f000,
0x000001ae0f239800, 0x000001ae0f240000, 0x000001ae0f23c000, 0x000001ae0f23a000,
0x000001ae0f23c800, 0x000001ae0fc70000, 0x000001ae0fc76800, 0x000001ae0fc7a000,
0x000001ae0fc79000, 0x000001ae0fc7b000, 0x000001ae0fc7b800, 0x000001ae0fc7c800,
0x000001ae0fc7d000, 0x000001ae0fc77800, 0x000001ae0fc7e000, 0x000001ae0fc78800,
0x000001ae0fc7f000, 0x000001ae7b233000, 0x000001ae7b22e000, 0x000001ae7b234800,
0x000001ae7b22f000, 0x000001ae7b22f800, 0x000001ae7b238800, 0x000001ae7b239800,
0x000001ae7b23a800, 0x000001ae7c599800, 0x000001ae10a38800, 0x000001ae10a39800,
0x000001ae10a35800, 0x000001ae10a37800, 0x000001ae10a3a000, 0x000001ae10a3b000,
0x000001ae10a3c000, 0x000001ae10a36000, 0x000001ae10a3c800, 0x000001ae10a37000,
0x000001ae10a41800, 0x000001ae10a42800, 0x000001ae10a3e800, 0x000001ae10a3d800,
0x000001ae10a44000, 0x000001ae10a43000, 0x000001ae10a3f000, 0x000001ae10a40000,
0x000001ae10a40800, 0x000001ae7b3b9000, 0x000001ae7b3bd000, 0x000001ae7b3b8000,
0x000001ae7b3b9800, 0x000001ae7b3bc000, 0x000001ae7b3c2800, 0x000001ae7b3bb000,
0x000001ae7b3bf800, 0x000001ae7e458000, 0x000001ae7b3c1000, 0x000001ae7b3c4000,
0x000001ae7b3be800, 0x000001ae7b3c5000, 0x000001ae7b3c0000, 0x000001ae7b3c6000
}

Java Threads: ( => current thread )
  0x000001ae6b330000 JavaThread "main" [_thread_blocked, id=13604, stack(0x0000003e78e00000,0x0000003e78f00000)]
  0x000001ae79ad5000 JavaThread "Reference Handler" daemon [_thread_blocked, id=1536, stack(0x0000003e79500000,0x0000003e79600000)]
  0x000001ae79adf000 JavaThread "Finalizer" daemon [_thread_blocked, id=3584, stack(0x0000003e79600000,0x0000003e79700000)]
  0x000001ae79b37800 JavaThread "Signal Dispatcher" daemon [_thread_blocked, id=13800, stack(0x0000003e79700000,0x0000003e79800000)]
  0x000001ae79aec000 JavaThread "Attach Listener" daemon [_thread_blocked, id=4024, stack(0x0000003e79800000,0x0000003e79900000)]
  0x000001ae79aed000 JavaThread "Service Thread" daemon [_thread_blocked, id=10920, stack(0x0000003e79900000,0x0000003e79a00000)]
  0x000001ae7a442800 JavaThread "C2 CompilerThread0" daemon [_thread_blocked, id=14200, stack(0x0000003e79a00000,0x0000003e79b00000)]
  0x000001ae7a447000 JavaThread "C1 CompilerThread0" daemon [_thread_blocked, id=4524, stack(0x0000003e79b00000,0x0000003e79c00000)]
  0x000001ae7a453000 JavaThread "Sweeper thread" daemon [_thread_blocked, id=8520, stack(0x0000003e79c00000,0x0000003e79d00000)]
  0x000001ae7a5a5000 JavaThread "Common-Cleaner" daemon [_thread_blocked, id=8988, stack(0x0000003e79d00000,0x0000003e79e00000)]
  0x000001ae7c5c2800 JavaThread "Daemon health stats" [_thread_blocked, id=9800, stack(0x0000003e7a100000,0x0000003e7a200000)]
  0x000001ae7a68f000 JavaThread "Incoming local TCP Connector on port 51736" [_thread_in_native, id=2948, stack(0x0000003e79f00000,0x0000003e7a000000)]
  0x000001ae7c8ca000 JavaThread "Daemon periodic checks" [_thread_blocked, id=9032, stack(0x0000003e7a400000,0x0000003e7a500000)]
  0x000001ae7c599000 JavaThread "Cache worker for journal cache (C:\Users\User\.gradle\caches\journal-1)" [_thread_blocked, id=12508, stack(0x0000003e7ac00000,0x0000003e7ad00000)]
  0x000001ae7c59a800 JavaThread "File lock request listener" [_thread_in_native, id=2588, stack(0x0000003e7ad00000,0x0000003e7ae00000)]
  0x000001ae7c59b800 JavaThread "Cache worker for file hash cache (C:\Users\User\.gradle\caches\7.5\fileHashes)" [_thread_blocked, id=10864, stack(0x0000003e7ae00000,0x0000003e7af00000)]
  0x000001ae7b230800 JavaThread "File watcher server" daemon [_thread_blocked, id=9240, stack(0x0000003e7b000000,0x0000003e7b100000)]
  0x000001ae7b231800 JavaThread "File watcher consumer" daemon [_thread_blocked, id=7748, stack(0x0000003e7b100000,0x0000003e7b200000)]
  0x000001ae7b22b800 JavaThread "jar transforms" [_thread_blocked, id=5252, stack(0x0000003e7b200000,0x0000003e7b300000)]
  0x000001ae7b22d000 JavaThread "jar transforms Thread 2" [_thread_blocked, id=14056, stack(0x0000003e7b300000,0x0000003e7b400000)]
  0x000001ae7b232000 JavaThread "jar transforms Thread 3" [_thread_blocked, id=9348, stack(0x0000003e7b400000,0x0000003e7b500000)]
  0x000001ae7b22c800 JavaThread "jar transforms Thread 4" [_thread_blocked, id=6160, stack(0x0000003e7b500000,0x0000003e7b600000)]
  0x000001ae7b233800 JavaThread "Cache worker for file content cache (C:\Users\User\.gradle\caches\7.5\fileContent)" [_thread_blocked, id=9148, stack(0x0000003e7b700000,0x0000003e7b800000)]
  0x000001ae7b235800 JavaThread "Cache worker for execution history cache (C:\Users\User\.gradle\caches\7.5\executionHistory)" [_thread_blocked, id=708, stack(0x0000003e7ba00000,0x0000003e7bb00000)]
  0x000001ae0fc74000 JavaThread "Memory manager" [_thread_blocked, id=12996, stack(0x0000003e7e600000,0x0000003e7e700000)]
  0x000001ae0fc76000 JavaThread "pool-3-thread-1" [_thread_blocked, id=13160, stack(0x0000003e7e700000,0x0000003e7e800000)]
  0x000001ae0fc72800 JavaThread "Daemon Thread 3" [_thread_blocked, id=15916, stack(0x0000003e78c00000,0x0000003e78d00000)]
  0x000001ae0fc73800 JavaThread "Daemon worker Thread 2" [_thread_blocked, id=8544, stack(0x0000003e7a700000,0x0000003e7a800000)]
  0x000001ae0f23e800 JavaThread "pool-6-thread-1" [_thread_blocked, id=16284, stack(0x0000003e7e400000,0x0000003e7e500000)]
  0x000001ae0f235800 JavaThread "Handler for socket connection from /127.0.0.1:51736 to /127.0.0.1:51208" [_thread_in_native, id=9536, stack(0x0000003e78d00000,0x0000003e78e00000)]
  0x000001ae0f233000 JavaThread "Cancel handler" [_thread_blocked, id=14588, stack(0x0000003e7a500000,0x0000003e7a600000)]
  0x000001ae0f236000 JavaThread "Asynchronous log dispatcher for DefaultDaemonConnection: socket connection from /127.0.0.1:51736 to /127.0.0.1:51208" [_thread_blocked, id=11000, stack(0x0000003e7a600000,0x0000003e7a700000)]
  0x000001ae0f237000 JavaThread "Stdin handler" [_thread_blocked, id=7176, stack(0x0000003e7a800000,0x0000003e7a900000)]
  0x000001ae0f233800 JavaThread "Daemon client event forwarder" [_thread_blocked, id=13060, stack(0x0000003e7a900000,0x0000003e7aa00000)]
  0x000001ae0f231000 JavaThread "Cache worker for checksums cache (C:\Users\User\AndroidStudioProjects\veciApps2\.gradle\7.5\checksums)" [_thread_blocked, id=15652, stack(0x0000003e7ab00000,0x0000003e7ac00000)]
  0x000001ae0f237800 JavaThread "Cache worker for cache directory md-rule (C:\Users\User\.gradle\caches\7.5\md-rule)" [_thread_blocked, id=7164, stack(0x0000003e7af00000,0x0000003e7b000000)]
  0x000001ae0f234800 JavaThread "Cache worker for file hash cache (C:\Users\User\AndroidStudioProjects\veciApps2\.gradle\7.5\fileHashes)" [_thread_blocked, id=3244, stack(0x0000003e7b600000,0x0000003e7b700000)]
  0x000001ae0f232000 JavaThread "Cache worker for cache directory md-supplier (C:\Users\User\.gradle\caches\7.5\md-supplier)" [_thread_blocked, id=15924, stack(0x0000003e7b800000,0x0000003e7b900000)]
  0x000001ae0f238800 JavaThread "Cache worker for dependencies-accessors (C:\Users\User\AndroidStudioProjects\veciApps2\.gradle\7.5\dependencies-accessors)" [_thread_blocked, id=9200, stack(0x0000003e7b900000,0x0000003e7ba00000)]
  0x000001ae0f23f000 JavaThread "Cache worker for Build Output Cleanup Cache (C:\Users\User\AndroidStudioProjects\veciApps2\.gradle\buildOutputCleanup)" [_thread_blocked, id=8800, stack(0x0000003e7bb00000,0x0000003e7bc00000)]
  0x000001ae0f239800 JavaThread "Unconstrained build operations" [_thread_blocked, id=16300, stack(0x0000003e7bc00000,0x0000003e7bd00000)]
  0x000001ae0f240000 JavaThread "Unconstrained build operations Thread 2" [_thread_blocked, id=12032, stack(0x0000003e7bd00000,0x0000003e7be00000)]
  0x000001ae0f23c000 JavaThread "Unconstrained build operations Thread 3" [_thread_blocked, id=11044, stack(0x0000003e7be00000,0x0000003e7bf00000)]
  0x000001ae0f23a000 JavaThread "Unconstrained build operations Thread 4" [_thread_blocked, id=16120, stack(0x0000003e7bf00000,0x0000003e7c000000)]
  0x000001ae0f23c800 JavaThread "Unconstrained build operations Thread 5" [_thread_blocked, id=13356, stack(0x0000003e7c000000,0x0000003e7c100000)]
  0x000001ae0fc70000 JavaThread "Unconstrained build operations Thread 6" [_thread_blocked, id=9616, stack(0x0000003e7c100000,0x0000003e7c200000)]
  0x000001ae0fc76800 JavaThread "Unconstrained build operations Thread 7" [_thread_blocked, id=13400, stack(0x0000003e7c200000,0x0000003e7c300000)]
  0x000001ae0fc7a000 JavaThread "Unconstrained build operations Thread 8" [_thread_blocked, id=11716, stack(0x0000003e7c300000,0x0000003e7c400000)]
  0x000001ae0fc79000 JavaThread "Unconstrained build operations Thread 9" [_thread_blocked, id=13332, stack(0x0000003e7c400000,0x0000003e7c500000)]
  0x000001ae0fc7b000 JavaThread "Unconstrained build operations Thread 10" [_thread_blocked, id=8248, stack(0x0000003e7c500000,0x0000003e7c600000)]
  0x000001ae0fc7b800 JavaThread "Unconstrained build operations Thread 11" [_thread_blocked, id=11268, stack(0x0000003e7c600000,0x0000003e7c700000)]
  0x000001ae0fc7c800 JavaThread "Unconstrained build operations Thread 12" [_thread_blocked, id=8032, stack(0x0000003e7c700000,0x0000003e7c800000)]
  0x000001ae0fc7d000 JavaThread "Unconstrained build operations Thread 13" [_thread_blocked, id=2544, stack(0x0000003e7c800000,0x0000003e7c900000)]
  0x000001ae0fc77800 JavaThread "Unconstrained build operations Thread 14" [_thread_blocked, id=4920, stack(0x0000003e7c900000,0x0000003e7ca00000)]
  0x000001ae0fc7e000 JavaThread "Unconstrained build operations Thread 15" [_thread_blocked, id=14500, stack(0x0000003e7ca00000,0x0000003e7cb00000)]
  0x000001ae0fc78800 JavaThread "Unconstrained build operations Thread 16" [_thread_blocked, id=11304, stack(0x0000003e7cb00000,0x0000003e7cc00000)]
  0x000001ae0fc7f000 JavaThread "Unconstrained build operations Thread 17" [_thread_blocked, id=4048, stack(0x0000003e7cc00000,0x0000003e7cd00000)]
  0x000001ae7b233000 JavaThread "Unconstrained build operations Thread 18" [_thread_blocked, id=10128, stack(0x0000003e7cd00000,0x0000003e7ce00000)]
  0x000001ae7b22e000 JavaThread "Unconstrained build operations Thread 19" [_thread_blocked, id=15312, stack(0x0000003e7ce00000,0x0000003e7cf00000)]
  0x000001ae7b234800 JavaThread "Unconstrained build operations Thread 20" [_thread_blocked, id=2108, stack(0x0000003e7cf00000,0x0000003e7d000000)]
  0x000001ae7b22f000 JavaThread "Unconstrained build operations Thread 21" [_thread_blocked, id=13688, stack(0x0000003e7d000000,0x0000003e7d100000)]
  0x000001ae7b22f800 JavaThread "Unconstrained build operations Thread 22" [_thread_blocked, id=15464, stack(0x0000003e7d100000,0x0000003e7d200000)]
  0x000001ae7b238800 JavaThread "Unconstrained build operations Thread 23" [_thread_blocked, id=13932, stack(0x0000003e7d200000,0x0000003e7d300000)]
  0x000001ae7b239800 JavaThread "Unconstrained build operations Thread 24" [_thread_blocked, id=7776, stack(0x0000003e7d300000,0x0000003e7d400000)]
  0x000001ae7b23a800 JavaThread "Unconstrained build operations Thread 25" [_thread_blocked, id=4236, stack(0x0000003e7d400000,0x0000003e7d500000)]
  0x000001ae7c599800 JavaThread "Unconstrained build operations Thread 26" [_thread_blocked, id=15672, stack(0x0000003e7d500000,0x0000003e7d600000)]
  0x000001ae10a38800 JavaThread "Unconstrained build operations Thread 27" [_thread_blocked, id=5668, stack(0x0000003e7d600000,0x0000003e7d700000)]
  0x000001ae10a39800 JavaThread "Unconstrained build operations Thread 28" [_thread_blocked, id=6516, stack(0x0000003e7d700000,0x0000003e7d800000)]
  0x000001ae10a35800 JavaThread "Unconstrained build operations Thread 29" [_thread_blocked, id=15880, stack(0x0000003e7d800000,0x0000003e7d900000)]
  0x000001ae10a37800 JavaThread "Unconstrained build operations Thread 30" [_thread_blocked, id=15408, stack(0x0000003e7d900000,0x0000003e7da00000)]
  0x000001ae10a3a000 JavaThread "Unconstrained build operations Thread 31" [_thread_blocked, id=11076, stack(0x0000003e7da00000,0x0000003e7db00000)]
  0x000001ae10a3b000 JavaThread "Unconstrained build operations Thread 32" [_thread_blocked, id=13948, stack(0x0000003e7db00000,0x0000003e7dc00000)]
  0x000001ae10a3c000 JavaThread "Unconstrained build operations Thread 33" [_thread_blocked, id=13168, stack(0x0000003e7dc00000,0x0000003e7dd00000)]
  0x000001ae10a36000 JavaThread "Unconstrained build operations Thread 34" [_thread_blocked, id=12476, stack(0x0000003e7dd00000,0x0000003e7de00000)]
  0x000001ae10a3c800 JavaThread "Unconstrained build operations Thread 35" [_thread_blocked, id=1820, stack(0x0000003e7de00000,0x0000003e7df00000)]
  0x000001ae10a37000 JavaThread "Unconstrained build operations Thread 36" [_thread_blocked, id=4388, stack(0x0000003e7df00000,0x0000003e7e000000)]
  0x000001ae10a41800 JavaThread "Unconstrained build operations Thread 37" [_thread_blocked, id=14376, stack(0x0000003e7e000000,0x0000003e7e100000)]
  0x000001ae10a42800 JavaThread "Unconstrained build operations Thread 38" [_thread_blocked, id=7620, stack(0x0000003e7e100000,0x0000003e7e200000)]
  0x000001ae10a3e800 JavaThread "Unconstrained build operations Thread 39" [_thread_blocked, id=13544, stack(0x0000003e7e200000,0x0000003e7e300000)]
  0x000001ae10a3d800 JavaThread "Unconstrained build operations Thread 40" [_thread_blocked, id=7492, stack(0x0000003e7e300000,0x0000003e7e400000)]
  0x000001ae10a44000 JavaThread "build event listener" [_thread_blocked, id=2868, stack(0x0000003e7aa00000,0x0000003e7ab00000)]
  0x000001ae10a43000 JavaThread "pool-9-thread-1" [_thread_blocked, id=9552, stack(0x0000003e7e800000,0x0000003e7e900000)]
  0x000001ae10a3f000 JavaThread "build event listener" [_thread_blocked, id=5124, stack(0x0000003e7e900000,0x0000003e7ea00000)]
  0x000001ae10a40000 JavaThread "included builds" [_thread_blocked, id=3776, stack(0x0000003e7ea00000,0x0000003e7eb00000)]
  0x000001ae10a40800 JavaThread "Execution worker" [_thread_blocked, id=14252, stack(0x0000003e7eb00000,0x0000003e7ec00000)]
  0x000001ae7b3b9000 JavaThread "Execution worker Thread 2" [_thread_blocked, id=1772, stack(0x0000003e7ec00000,0x0000003e7ed00000)]
  0x000001ae7b3bd000 JavaThread "Execution worker Thread 3" [_thread_blocked, id=352, stack(0x0000003e7ed00000,0x0000003e7ee00000)]
  0x000001ae7b3b8000 JavaThread "Cache worker for execution history cache (C:\Users\User\AndroidStudioProjects\veciApps2\.gradle\7.5\executionHistory)" [_thread_blocked, id=15852, stack(0x0000003e7ee00000,0x0000003e7ef00000)]
  0x000001ae7b3b9800 JavaThread "WorkerExecutor Queue" [_thread_blocked, id=8116, stack(0x0000003e7ef00000,0x0000003e7f000000)]
  0x000001ae7b3bc000 JavaThread "WorkerExecutor Queue Thread 3" [_thread_blocked, id=6420, stack(0x0000003e7f200000,0x0000003e7f300000)]
  0x000001ae7b3c2800 JavaThread "WorkerExecutor Queue Thread 4" [_thread_blocked, id=5416, stack(0x0000003e7f300000,0x0000003e7f400000)]
  0x000001ae7b3bb000 JavaThread "WorkerExecutor Queue Thread 6" [_thread_blocked, id=10996, stack(0x0000003e7f000000,0x0000003e7f100000)]
  0x000001ae7b3bf800 JavaThread "pool-10-thread-1" [_thread_blocked, id=13324, stack(0x0000003e7e500000,0x0000003e7e600000)]
  0x000001ae7e458000 JavaThread "C2 CompilerThread1" daemon [_thread_blocked, id=14464, stack(0x0000003e7f100000,0x0000003e7f200000)]
  0x000001ae7b3c1000 JavaThread "ForkJoinPool-1-worker-3" daemon [_thread_blocked, id=15668, stack(0x0000003e7f400000,0x0000003e7f500000)]
  0x000001ae7b3c4000 JavaThread "ForkJoinPool-1-worker-5" daemon [_thread_blocked, id=8056, stack(0x0000003e7f500000,0x0000003e7f600000)]
  0x000001ae7b3be800 JavaThread "ForkJoinPool-1-worker-7" daemon [_thread_blocked, id=15412, stack(0x0000003e7f600000,0x0000003e7f700000)]
  0x000001ae7b3c5000 JavaThread "ForkJoinPool-1-worker-1" daemon [_thread_blocked, id=8560, stack(0x0000003e7f700000,0x0000003e7f800000)]
  0x000001ae7b3c0000 JavaThread "stderr" [_thread_in_native, id=9320, stack(0x0000003e7f800000,0x0000003e7f900000)]
  0x000001ae7b3c6000 JavaThread "stdout" [_thread_in_native, id=15836, stack(0x0000003e7f900000,0x0000003e7fa00000)]

Other Threads:
=>0x000001ae6b40e800 VMThread "VM Thread" [stack: 0x0000003e79400000,0x0000003e79500000] [id=9028]
  0x000001ae7a5ce000 WatcherThread [stack: 0x0000003e79e00000,0x0000003e79f00000] [id=6416]
  0x000001ae6b347000 GCTaskThread "GC Thread#0" [stack: 0x0000003e78f00000,0x0000003e79000000] [id=10740]
  0x000001ae7ab64800 GCTaskThread "GC Thread#1" [stack: 0x0000003e7a000000,0x0000003e7a100000] [id=11896]
  0x000001ae7cc02800 GCTaskThread "GC Thread#2" [stack: 0x0000003e7a200000,0x0000003e7a300000] [id=14272]
  0x000001ae7b3b6800 GCTaskThread "GC Thread#3" [stack: 0x0000003e7a300000,0x0000003e7a400000] [id=11316]
  0x000001ae6b377800 ConcurrentGCThread "G1 Main Marker" [stack: 0x0000003e79000000,0x0000003e79100000] [id=8568]
  0x000001ae6b378800 ConcurrentGCThread "G1 Conc#0" [stack: 0x0000003e79100000,0x0000003e79200000] [id=7904]
  0x000001ae6b3eb000 ConcurrentGCThread "G1 Refine#0" [stack: 0x0000003e79200000,0x0000003e79300000] [id=12804]
  0x000001ae6b3ec000 ConcurrentGCThread "G1 Young RemSet Sampling" [stack: 0x0000003e79300000,0x0000003e79400000] [id=9468]

Threads with active compile tasks:
C2 CompilerThread0  2114964 20153       4       com.android.tools.r8.dex.code.v1::a (4134 bytes)
C2 CompilerThread1  2114964 20043       4       com.android.tools.r8.dex.i::a (1041 bytes)

VM state:at safepoint (normal execution)

VM Mutex/Monitor currently owned by a thread:  ([mutex/lock_event])
[0x000001ae6b32bed0] Threads_lock - owner thread: 0x000001ae6b40e800
[0x000001ae6b32cd70] Heap_lock - owner thread: 0x000001ae7b3c4000

Heap address: 0x0000000080000000, size: 2048 MB, Compressed Oops mode: 32-bit
Narrow klass base: 0x0000000000000000, Narrow klass shift: 3
Compressed class space size: 1073741824 Address: 0x0000000100000000

Heap:
 garbage-first heap   total 834560K, used 297954K [0x0000000080000000, 0x0000000100000000)
  region size 1024K, 3 young (3072K), 3 survivors (3072K)
 Metaspace       used 126841K, capacity 130564K, committed 130816K, reserved 1163264K
  class space    used 15962K, capacity 17290K, committed 17408K, reserved 1048576K
Heap Regions: E=young(eden), S=young(survivor), O=old, HS=humongous(starts), HC=humongous(continues), CS=collection set, F=free, A=archive, TAMS=top-at-mark-start (previous, next)
|   0|0x0000000080000000, 0x0000000080100000, 0x0000000080100000|100%|HS|  |TAMS 0x0000000080100000, 0x0000000080000000| Complete 
|   1|0x0000000080100000, 0x0000000080200000, 0x0000000080200000|100%|HC|  |TAMS 0x0000000080200000, 0x0000000080100000| Complete 
|   2|0x0000000080200000, 0x0000000080300000, 0x0000000080300000|100%|HC|  |TAMS 0x0000000080300000, 0x0000000080200000| Complete 
|   3|0x0000000080300000, 0x0000000080400000, 0x0000000080400000|100%| O|  |TAMS 0x0000000080400000, 0x0000000080300000| Untracked 
|   4|0x0000000080400000, 0x0000000080500000, 0x0000000080500000|100%| O|  |TAMS 0x0000000080500000, 0x0000000080400000| Untracked 
|   5|0x0000000080500000, 0x0000000080600000, 0x0000000080600000|100%| O|  |TAMS 0x0000000080600000, 0x0000000080500000| Complete 
|   6|0x0000000080600000, 0x0000000080700000, 0x0000000080700000|100%| O|  |TAMS 0x0000000080700000, 0x0000000080600000| Untracked 
|   7|0x0000000080700000, 0x0000000080800000, 0x0000000080800000|100%| O|  |TAMS 0x0000000080800000, 0x0000000080700000| Complete 
|   8|0x0000000080800000, 0x0000000080900000, 0x0000000080900000|100%| O|  |TAMS 0x0000000080900000, 0x0000000080800000| Untracked 
|   9|0x0000000080900000, 0x0000000080a00000, 0x0000000080a00000|100%| O|  |TAMS 0x0000000080a00000, 0x0000000080900000| Untracked 
|  10|0x0000000080a00000, 0x0000000080b00000, 0x0000000080b00000|100%| O|  |TAMS 0x0000000080b00000, 0x0000000080a00000| Untracked 
|  11|0x0000000080b00000, 0x0000000080c00000, 0x0000000080c00000|100%| O|  |TAMS 0x0000000080c00000, 0x0000000080b00000| Untracked 
|  12|0x0000000080c00000, 0x0000000080d00000, 0x0000000080d00000|100%| O|  |TAMS 0x0000000080d00000, 0x0000000080c00000| Untracked 
|  13|0x0000000080d00000, 0x0000000080e00000, 0x0000000080e00000|100%| O|  |TAMS 0x0000000080e00000, 0x0000000080d00000| Untracked 
|  14|0x0000000080e00000, 0x0000000080f00000, 0x0000000080f00000|100%| O|  |TAMS 0x0000000080f00000, 0x0000000080e00000| Complete 
|  15|0x0000000080f00000, 0x0000000081000000, 0x0000000081000000|100%| O|  |TAMS 0x0000000081000000, 0x0000000080f00000| Complete 
|  16|0x0000000081000000, 0x0000000081100000, 0x0000000081100000|100%|HS|  |TAMS 0x0000000081100000, 0x0000000081000000| Complete 
|  17|0x0000000081100000, 0x0000000081200000, 0x0000000081200000|100%|HC|  |TAMS 0x0000000081200000, 0x0000000081100000| Complete 
|  18|0x0000000081200000, 0x0000000081300000, 0x0000000081300000|100%|HS|  |TAMS 0x0000000081300000, 0x0000000081200000| Complete 
|  19|0x0000000081300000, 0x0000000081400000, 0x0000000081400000|100%|HC|  |TAMS 0x0000000081400000, 0x0000000081300000| Complete 
|  20|0x0000000081400000, 0x0000000081500000, 0x0000000081500000|100%|HC|  |TAMS 0x0000000081500000, 0x0000000081400000| Complete 
|  21|0x0000000081500000, 0x0000000081600000, 0x0000000081600000|100%|HS|  |TAMS 0x0000000081600000, 0x0000000081500000| Complete 
|  22|0x0000000081600000, 0x0000000081700000, 0x0000000081700000|100%|HC|  |TAMS 0x0000000081700000, 0x0000000081600000| Complete 
|  23|0x0000000081700000, 0x0000000081800000, 0x0000000081800000|100%|HC|  |TAMS 0x0000000081800000, 0x0000000081700000| Complete 
|  24|0x0000000081800000, 0x0000000081900000, 0x0000000081900000|100%|HC|  |TAMS 0x0000000081900000, 0x0000000081800000| Complete 
|  25|0x0000000081900000, 0x0000000081a00000, 0x0000000081a00000|100%|HC|  |TAMS 0x0000000081a00000, 0x0000000081900000| Complete 
|  26|0x0000000081a00000, 0x0000000081b00000, 0x0000000081b00000|100%|HS|  |TAMS 0x0000000081b00000, 0x0000000081a00000| Complete 
|  27|0x0000000081b00000, 0x0000000081c00000, 0x0000000081c00000|100%|HC|  |TAMS 0x0000000081c00000, 0x0000000081b00000| Complete 
|  28|0x0000000081c00000, 0x0000000081d00000, 0x0000000081d00000|100%|HS|  |TAMS 0x0000000081d00000, 0x0000000081c00000| Complete 
|  29|0x0000000081d00000, 0x0000000081e00000, 0x0000000081e00000|100%|HC|  |TAMS 0x0000000081e00000, 0x0000000081d00000| Complete 
|  30|0x0000000081e00000, 0x0000000081f00000, 0x0000000081f00000|100%|HC|  |TAMS 0x0000000081f00000, 0x0000000081e00000| Complete 
|  31|0x0000000081f00000, 0x0000000082000000, 0x0000000082000000|100%|HS|  |TAMS 0x0000000082000000, 0x0000000081f00000| Complete 
|  32|0x0000000082000000, 0x0000000082100000, 0x0000000082100000|100%|HC|  |TAMS 0x0000000082100000, 0x0000000082000000| Complete 
|  33|0x0000000082100000, 0x0000000082200000, 0x0000000082200000|100%|HC|  |TAMS 0x0000000082200000, 0x0000000082100000| Complete 
|  34|0x0000000082200000, 0x0000000082300000, 0x0000000082300000|100%|HC|  |TAMS 0x0000000082300000, 0x0000000082200000| Complete 
|  35|0x0000000082300000, 0x0000000082400000, 0x0000000082400000|100%|HC|  |TAMS 0x0000000082400000, 0x0000000082300000| Complete 
|  36|0x0000000082400000, 0x0000000082500000, 0x0000000082500000|100%|HC|  |TAMS 0x0000000082500000, 0x0000000082400000| Complete 
|  37|0x0000000082500000, 0x0000000082600000, 0x0000000082600000|100%|HC|  |TAMS 0x0000000082600000, 0x0000000082500000| Complete 
|  38|0x0000000082600000, 0x0000000082700000, 0x0000000082700000|100%|HC|  |TAMS 0x0000000082700000, 0x0000000082600000| Complete 
|  39|0x0000000082700000, 0x0000000082800000, 0x0000000082800000|100%|HC|  |TAMS 0x0000000082800000, 0x0000000082700000| Complete 
|  40|0x0000000082800000, 0x0000000082900000, 0x0000000082900000|100%|HC|  |TAMS 0x0000000082900000, 0x0000000082800000| Complete 
|  41|0x0000000082900000, 0x0000000082a00000, 0x0000000082a00000|100%|HS|  |TAMS 0x0000000082a00000, 0x0000000082900000| Complete 
|  42|0x0000000082a00000, 0x0000000082b00000, 0x0000000082b00000|100%|HC|  |TAMS 0x0000000082b00000, 0x0000000082a00000| Complete 
|  43|0x0000000082b00000, 0x0000000082c00000, 0x0000000082c00000|100%| O|  |TAMS 0x0000000082c00000, 0x0000000082b00000| Complete 
|  44|0x0000000082c00000, 0x0000000082d00000, 0x0000000082d00000|100%| O|  |TAMS 0x0000000082d00000, 0x0000000082c00000| Complete 
|  45|0x0000000082d00000, 0x0000000082e00000, 0x0000000082e00000|100%| O|  |TAMS 0x0000000082e00000, 0x0000000082d00000| Complete 
|  46|0x0000000082e00000, 0x0000000082f00000, 0x0000000082f00000|100%| O|  |TAMS 0x0000000082f00000, 0x0000000082e00000| Untracked 
|  47|0x0000000082f00000, 0x0000000083000000, 0x0000000083000000|100%| O|  |TAMS 0x0000000083000000, 0x0000000082f00000| Complete 
|  48|0x0000000083000000, 0x0000000083100000, 0x0000000083100000|100%| O|  |TAMS 0x0000000083100000, 0x0000000083000000| Untracked 
|  49|0x0000000083100000, 0x0000000083200000, 0x0000000083200000|100%| O|  |TAMS 0x0000000083200000, 0x0000000083100000| Complete 
|  50|0x0000000083200000, 0x0000000083300000, 0x0000000083300000|100%| O|  |TAMS 0x0000000083300000, 0x0000000083200000| Complete 
|  51|0x0000000083300000, 0x0000000083400000, 0x0000000083400000|100%| O|  |TAMS 0x0000000083400000, 0x0000000083300000| Complete 
|  52|0x0000000083400000, 0x0000000083500000, 0x0000000083500000|100%| O|  |TAMS 0x0000000083500000, 0x0000000083400000| Complete 
|  53|0x0000000083500000, 0x0000000083600000, 0x0000000083600000|100%| O|  |TAMS 0x0000000083600000, 0x0000000083500000| Complete 
|  54|0x0000000083600000, 0x0000000083700000, 0x0000000083700000|100%| O|  |TAMS 0x0000000083700000, 0x0000000083600000| Complete 
|  55|0x0000000083700000, 0x0000000083800000, 0x0000000083800000|100%| O|  |TAMS 0x0000000083800000, 0x0000000083700000| Untracked 
|  56|0x0000000083800000, 0x0000000083900000, 0x0000000083900000|100%| O|  |TAMS 0x0000000083900000, 0x0000000083800000| Untracked 
|  57|0x0000000083900000, 0x0000000083a00000, 0x0000000083a00000|100%| O|  |TAMS 0x0000000083a00000, 0x0000000083900000| Untracked 
|  58|0x0000000083a00000, 0x0000000083b00000, 0x0000000083b00000|100%|HS|  |TAMS 0x0000000083b00000, 0x0000000083a00000| Complete 
|  59|0x0000000083b00000, 0x0000000083c00000, 0x0000000083c00000|100%|HC|  |TAMS 0x0000000083c00000, 0x0000000083b00000| Complete 
|  60|0x0000000083c00000, 0x0000000083d00000, 0x0000000083d00000|100%|HC|  |TAMS 0x0000000083d00000, 0x0000000083c00000| Complete 
|  61|0x0000000083d00000, 0x0000000083e00000, 0x0000000083e00000|100%|HC|  |TAMS 0x0000000083e00000, 0x0000000083d00000| Complete 
|  62|0x0000000083e00000, 0x0000000083f00000, 0x0000000083f00000|100%|HC|  |TAMS 0x0000000083f00000, 0x0000000083e00000| Complete 
|  63|0x0000000083f00000, 0x0000000084000000, 0x0000000084000000|100%|HC|  |TAMS 0x0000000084000000, 0x0000000083f00000| Complete 
|  64|0x0000000084000000, 0x0000000084100000, 0x0000000084100000|100%|HC|  |TAMS 0x0000000084100000, 0x0000000084000000| Complete 
|  65|0x0000000084100000, 0x0000000084200000, 0x0000000084200000|100%|HC|  |TAMS 0x0000000084200000, 0x0000000084100000| Complete 
|  66|0x0000000084200000, 0x0000000084300000, 0x0000000084300000|100%|HC|  |TAMS 0x0000000084300000, 0x0000000084200000| Complete 
|  67|0x0000000084300000, 0x0000000084400000, 0x0000000084400000|100%|HC|  |TAMS 0x0000000084400000, 0x0000000084300000| Complete 
|  68|0x0000000084400000, 0x0000000084500000, 0x0000000084500000|100%|HS|  |TAMS 0x0000000084500000, 0x0000000084400000| Complete 
|  69|0x0000000084500000, 0x0000000084600000, 0x0000000084600000|100%|HC|  |TAMS 0x0000000084600000, 0x0000000084500000| Complete 
|  70|0x0000000084600000, 0x0000000084700000, 0x0000000084700000|100%|HS|  |TAMS 0x0000000084700000, 0x0000000084600000| Complete 
|  71|0x0000000084700000, 0x0000000084800000, 0x0000000084800000|100%|HC|  |TAMS 0x0000000084800000, 0x0000000084700000| Complete 
|  72|0x0000000084800000, 0x0000000084900000, 0x0000000084900000|100%|HC|  |TAMS 0x0000000084900000, 0x0000000084800000| Complete 
|  73|0x0000000084900000, 0x0000000084a00000, 0x0000000084a00000|100%| O|  |TAMS 0x0000000084a00000, 0x0000000084900000| Complete 
|  74|0x0000000084a00000, 0x0000000084b00000, 0x0000000084b00000|100%| O|  |TAMS 0x0000000084b00000, 0x0000000084a00000| Complete 
|  75|0x0000000084b00000, 0x0000000084c00000, 0x0000000084c00000|100%|HS|  |TAMS 0x0000000084c00000, 0x0000000084b00000| Complete 
|  76|0x0000000084c00000, 0x0000000084d00000, 0x0000000084d00000|100%|HC|  |TAMS 0x0000000084d00000, 0x0000000084c00000| Complete 
|  77|0x0000000084d00000, 0x0000000084e00000, 0x0000000084e00000|100%|HS|  |TAMS 0x0000000084e00000, 0x0000000084d00000| Complete 
|  78|0x0000000084e00000, 0x0000000084f00000, 0x0000000084f00000|100%|HC|  |TAMS 0x0000000084f00000, 0x0000000084e00000| Complete 
|  79|0x0000000084f00000, 0x0000000085000000, 0x0000000085000000|100%|HC|  |TAMS 0x0000000085000000, 0x0000000084f00000| Complete 
|  80|0x0000000085000000, 0x0000000085100000, 0x0000000085100000|100%| O|  |TAMS 0x0000000085100000, 0x0000000085000000| Complete 
|  81|0x0000000085100000, 0x0000000085200000, 0x0000000085200000|100%| O|  |TAMS 0x0000000085200000, 0x0000000085100000| Untracked 
|  82|0x0000000085200000, 0x0000000085300000, 0x0000000085300000|100%| O|  |TAMS 0x0000000085300000, 0x0000000085200000| Complete 
|  83|0x0000000085300000, 0x0000000085400000, 0x0000000085400000|100%| O|  |TAMS 0x0000000085400000, 0x0000000085300000| Complete 
|  84|0x0000000085400000, 0x0000000085500000, 0x0000000085500000|100%| O|  |TAMS 0x0000000085500000, 0x0000000085400000| Complete 
|  85|0x0000000085500000, 0x0000000085600000, 0x0000000085600000|100%| O|  |TAMS 0x0000000085600000, 0x0000000085500000| Complete 
|  86|0x0000000085600000, 0x0000000085700000, 0x0000000085700000|100%|HS|  |TAMS 0x0000000085700000, 0x0000000085600000| Complete 
|  87|0x0000000085700000, 0x0000000085800000, 0x0000000085800000|100%|HC|  |TAMS 0x0000000085800000, 0x0000000085700000| Complete 
|  88|0x0000000085800000, 0x0000000085900000, 0x0000000085900000|100%|HC|  |TAMS 0x0000000085900000, 0x0000000085800000| Complete 
|  89|0x0000000085900000, 0x0000000085a00000, 0x0000000085a00000|100%|HC|  |TAMS 0x0000000085a00000, 0x0000000085900000| Complete 
|  90|0x0000000085a00000, 0x0000000085b00000, 0x0000000085b00000|100%|HC|  |TAMS 0x0000000085b00000, 0x0000000085a00000| Complete 
|  91|0x0000000085b00000, 0x0000000085c00000, 0x0000000085c00000|100%| O|  |TAMS 0x0000000085c00000, 0x0000000085b00000| Complete 
|  92|0x0000000085c00000, 0x0000000085d00000, 0x0000000085d00000|100%| O|  |TAMS 0x0000000085d00000, 0x0000000085c00000| Untracked 
|  93|0x0000000085d00000, 0x0000000085e00000, 0x0000000085e00000|100%| O|  |TAMS 0x0000000085e00000, 0x0000000085d00000| Complete 
|  94|0x0000000085e00000, 0x0000000085f00000, 0x0000000085f00000|100%|HS|  |TAMS 0x0000000085f00000, 0x0000000085e00000| Complete 
|  95|0x0000000085f00000, 0x0000000086000000, 0x0000000086000000|100%|HS|  |TAMS 0x0000000086000000, 0x0000000085f00000| Complete 
|  96|0x0000000086000000, 0x0000000086100000, 0x0000000086100000|100%| O|  |TAMS 0x0000000086100000, 0x0000000086000000| Complete 
|  97|0x0000000086100000, 0x0000000086200000, 0x0000000086200000|100%| O|  |TAMS 0x0000000086200000, 0x0000000086100000| Untracked 
|  98|0x0000000086200000, 0x0000000086300000, 0x0000000086300000|100%| O|  |TAMS 0x0000000086300000, 0x0000000086200000| Complete 
|  99|0x0000000086300000, 0x0000000086400000, 0x0000000086400000|100%| O|  |TAMS 0x0000000086400000, 0x0000000086300000| Untracked 
| 100|0x0000000086400000, 0x0000000086500000, 0x0000000086500000|100%| O|  |TAMS 0x0000000086500000, 0x0000000086400000| Complete 
| 101|0x0000000086500000, 0x0000000086600000, 0x0000000086600000|100%| O|  |TAMS 0x0000000086600000, 0x0000000086500000| Untracked 
| 102|0x0000000086600000, 0x0000000086700000, 0x0000000086700000|100%| O|  |TAMS 0x0000000086700000, 0x0000000086600000| Complete 
| 103|0x0000000086700000, 0x0000000086800000, 0x0000000086800000|100%| O|  |TAMS 0x0000000086800000, 0x0000000086700000| Untracked 
| 104|0x0000000086800000, 0x0000000086900000, 0x0000000086900000|100%| O|  |TAMS 0x0000000086900000, 0x0000000086800000| Complete 
| 105|0x0000000086900000, 0x0000000086900000, 0x0000000086a00000|  0%| F|  |TAMS 0x0000000086900000, 0x0000000086900000| Untracked 
| 106|0x0000000086a00000, 0x0000000086b00000, 0x0000000086b00000|100%| O|  |TAMS 0x0000000086b00000, 0x0000000086a00000| Untracked 
| 107|0x0000000086b00000, 0x0000000086c00000, 0x0000000086c00000|100%| O|  |TAMS 0x0000000086c00000, 0x0000000086b00000| Complete 
| 108|0x0000000086c00000, 0x0000000086d00000, 0x0000000086d00000|100%| O|  |TAMS 0x0000000086d00000, 0x0000000086c00000| Untracked 
| 109|0x0000000086d00000, 0x0000000086e00000, 0x0000000086e00000|100%| O|  |TAMS 0x0000000086e00000, 0x0000000086d00000| Complete 
| 110|0x0000000086e00000, 0x0000000086f00000, 0x0000000086f00000|100%| O|  |TAMS 0x0000000086f00000, 0x0000000086e00000| Untracked 
| 111|0x0000000086f00000, 0x0000000087000000, 0x0000000087000000|100%| O|  |TAMS 0x0000000087000000, 0x0000000086f00000| Complete 
| 112|0x0000000087000000, 0x0000000087100000, 0x0000000087100000|100%| O|  |TAMS 0x0000000087100000, 0x0000000087000000| Untracked 
| 113|0x0000000087100000, 0x0000000087200000, 0x0000000087200000|100%| O|  |TAMS 0x0000000087200000, 0x0000000087100000| Complete 
| 114|0x0000000087200000, 0x0000000087300000, 0x0000000087300000|100%| O|  |TAMS 0x0000000087300000, 0x0000000087200000| Complete 
| 115|0x0000000087300000, 0x0000000087400000, 0x0000000087400000|100%| O|  |TAMS 0x0000000087400000, 0x0000000087300000| Untracked 
| 116|0x0000000087400000, 0x0000000087500000, 0x0000000087500000|100%| O|  |TAMS 0x0000000087500000, 0x0000000087400000| Complete 
| 117|0x0000000087500000, 0x0000000087600000, 0x0000000087600000|100%| O|  |TAMS 0x0000000087600000, 0x0000000087500000| Untracked 
| 118|0x0000000087600000, 0x0000000087700000, 0x0000000087700000|100%| O|  |TAMS 0x0000000087700000, 0x0000000087600000| Untracked 
| 119|0x0000000087700000, 0x0000000087800000, 0x0000000087800000|100%| O|  |TAMS 0x0000000087800000, 0x0000000087700000| Untracked 
| 120|0x0000000087800000, 0x0000000087900000, 0x0000000087900000|100%| O|  |TAMS 0x0000000087900000, 0x0000000087800000| Complete 
| 121|0x0000000087900000, 0x0000000087a00000, 0x0000000087a00000|100%|HS|  |TAMS 0x0000000087a00000, 0x0000000087900000| Complete 
| 122|0x0000000087a00000, 0x0000000087b00000, 0x0000000087b00000|100%|HC|  |TAMS 0x0000000087b00000, 0x0000000087a00000| Complete 
| 123|0x0000000087b00000, 0x0000000087c00000, 0x0000000087c00000|100%|HS|  |TAMS 0x0000000087c00000, 0x0000000087b00000| Complete 
| 124|0x0000000087c00000, 0x0000000087d00000, 0x0000000087d00000|100%|HC|  |TAMS 0x0000000087d00000, 0x0000000087c00000| Complete 
| 125|0x0000000087d00000, 0x0000000087e00000, 0x0000000087e00000|100%|HC|  |TAMS 0x0000000087e00000, 0x0000000087d00000| Complete 
| 126|0x0000000087e00000, 0x0000000087f00000, 0x0000000087f00000|100%|HS|  |TAMS 0x0000000087f00000, 0x0000000087e00000| Complete 
| 127|0x0000000087f00000, 0x0000000088000000, 0x0000000088000000|100%|HC|  |TAMS 0x0000000088000000, 0x0000000087f00000| Complete 
| 128|0x0000000088000000, 0x0000000088100000, 0x0000000088100000|100%|HC|  |TAMS 0x0000000088100000, 0x0000000088000000| Complete 
| 129|0x0000000088100000, 0x0000000088200000, 0x0000000088200000|100%|HC|  |TAMS 0x0000000088200000, 0x0000000088100000| Complete 
| 130|0x0000000088200000, 0x0000000088300000, 0x0000000088300000|100%|HC|  |TAMS 0x0000000088300000, 0x0000000088200000| Complete 
| 131|0x0000000088300000, 0x0000000088400000, 0x0000000088400000|100%|HS|  |TAMS 0x0000000088400000, 0x0000000088300000| Complete 
| 132|0x0000000088400000, 0x0000000088500000, 0x0000000088500000|100%|HC|  |TAMS 0x0000000088500000, 0x0000000088400000| Complete 
| 133|0x0000000088500000, 0x0000000088600000, 0x0000000088600000|100%|HS|  |TAMS 0x0000000088600000, 0x0000000088500000| Complete 
| 134|0x0000000088600000, 0x0000000088700000, 0x0000000088700000|100%|HC|  |TAMS 0x0000000088700000, 0x0000000088600000| Complete 
| 135|0x0000000088700000, 0x0000000088800000, 0x0000000088800000|100%|HC|  |TAMS 0x0000000088800000, 0x0000000088700000| Complete 
| 136|0x0000000088800000, 0x0000000088900000, 0x0000000088900000|100%| O|  |TAMS 0x0000000088900000, 0x0000000088800000| Untracked 
| 137|0x0000000088900000, 0x0000000088a00000, 0x0000000088a00000|100%| O|  |TAMS 0x0000000088a00000, 0x0000000088900000| Complete 
| 138|0x0000000088a00000, 0x0000000088b00000, 0x0000000088b00000|100%| O|  |TAMS 0x0000000088b00000, 0x0000000088a00000| Untracked 
| 139|0x0000000088b00000, 0x0000000088c00000, 0x0000000088c00000|100%|HS|  |TAMS 0x0000000088c00000, 0x0000000088b00000| Complete 
| 140|0x0000000088c00000, 0x0000000088d00000, 0x0000000088d00000|100%|HC|  |TAMS 0x0000000088d00000, 0x0000000088c00000| Complete 
| 141|0x0000000088d00000, 0x0000000088e00000, 0x0000000088e00000|100%|HC|  |TAMS 0x0000000088e00000, 0x0000000088d00000| Complete 
| 142|0x0000000088e00000, 0x0000000088f00000, 0x0000000088f00000|100%|HC|  |TAMS 0x0000000088f00000, 0x0000000088e00000| Complete 
| 143|0x0000000088f00000, 0x0000000089000000, 0x0000000089000000|100%|HC|  |TAMS 0x0000000089000000, 0x0000000088f00000| Complete 
| 144|0x0000000089000000, 0x0000000089100000, 0x0000000089100000|100%|HC|  |TAMS 0x0000000089100000, 0x0000000089000000| Complete 
| 145|0x0000000089100000, 0x0000000089200000, 0x0000000089200000|100%|HC|  |TAMS 0x0000000089200000, 0x0000000089100000| Complete 
| 146|0x0000000089200000, 0x0000000089300000, 0x0000000089300000|100%|HC|  |TAMS 0x0000000089300000, 0x0000000089200000| Complete 
| 147|0x0000000089300000, 0x0000000089400000, 0x0000000089400000|100%|HC|  |TAMS 0x0000000089400000, 0x0000000089300000| Complete 
| 148|0x0000000089400000, 0x0000000089500000, 0x0000000089500000|100%|HC|  |TAMS 0x0000000089500000, 0x0000000089400000| Complete 
| 149|0x0000000089500000, 0x0000000089600000, 0x0000000089600000|100%|HS|  |TAMS 0x0000000089600000, 0x0000000089500000| Complete 
| 150|0x0000000089600000, 0x0000000089700000, 0x0000000089700000|100%|HC|  |TAMS 0x0000000089700000, 0x0000000089600000| Complete 
| 151|0x0000000089700000, 0x0000000089800000, 0x0000000089800000|100%|HS|  |TAMS 0x0000000089800000, 0x0000000089700000| Complete 
| 152|0x0000000089800000, 0x0000000089900000, 0x0000000089900000|100%|HC|  |TAMS 0x0000000089900000, 0x0000000089800000| Complete 
| 153|0x0000000089900000, 0x0000000089a00000, 0x0000000089a00000|100%| O|  |TAMS 0x0000000089a00000, 0x0000000089900000| Complete 
| 154|0x0000000089a00000, 0x0000000089b00000, 0x0000000089b00000|100%| O|  |TAMS 0x0000000089b00000, 0x0000000089a00000| Complete 
| 155|0x0000000089b00000, 0x0000000089c00000, 0x0000000089c00000|100%| O|  |TAMS 0x0000000089c00000, 0x0000000089b00000| Untracked 
| 156|0x0000000089c00000, 0x0000000089d00000, 0x0000000089d00000|100%| O|  |TAMS 0x0000000089d00000, 0x0000000089c00000| Complete 
| 157|0x0000000089d00000, 0x0000000089e00000, 0x0000000089e00000|100%|HS|  |TAMS 0x0000000089e00000, 0x0000000089d00000| Complete 
| 158|0x0000000089e00000, 0x0000000089f00000, 0x0000000089f00000|100%| O|  |TAMS 0x0000000089f00000, 0x0000000089e00000| Complete 
| 159|0x0000000089f00000, 0x000000008a000000, 0x000000008a000000|100%| O|  |TAMS 0x000000008a000000, 0x0000000089f00000| Complete 
| 160|0x000000008a000000, 0x000000008a100000, 0x000000008a100000|100%| O|  |TAMS 0x000000008a100000, 0x000000008a000000| Complete 
| 161|0x000000008a100000, 0x000000008a200000, 0x000000008a200000|100%| O|  |TAMS 0x000000008a200000, 0x000000008a100000| Complete 
| 162|0x000000008a200000, 0x000000008a300000, 0x000000008a300000|100%|HS|  |TAMS 0x000000008a300000, 0x000000008a200000| Complete 
| 163|0x000000008a300000, 0x000000008a400000, 0x000000008a400000|100%| O|  |TAMS 0x000000008a400000, 0x000000008a300000| Complete 
| 164|0x000000008a400000, 0x000000008a500000, 0x000000008a500000|100%| O|  |TAMS 0x000000008a500000, 0x000000008a400000| Untracked 
| 165|0x000000008a500000, 0x000000008a600000, 0x000000008a600000|100%| O|  |TAMS 0x000000008a600000, 0x000000008a500000| Complete 
| 166|0x000000008a600000, 0x000000008a700000, 0x000000008a700000|100%| O|  |TAMS 0x000000008a700000, 0x000000008a600000| Untracked 
| 167|0x000000008a700000, 0x000000008a800000, 0x000000008a800000|100%| O|  |TAMS 0x000000008a800000, 0x000000008a700000| Complete 
| 168|0x000000008a800000, 0x000000008a900000, 0x000000008a900000|100%| O|  |TAMS 0x000000008a900000, 0x000000008a800000| Untracked 
| 169|0x000000008a900000, 0x000000008aa00000, 0x000000008aa00000|100%| O|  |TAMS 0x000000008aa00000, 0x000000008a900000| Untracked 
| 170|0x000000008aa00000, 0x000000008ab00000, 0x000000008ab00000|100%| O|  |TAMS 0x000000008ab00000, 0x000000008aa00000| Untracked 
| 171|0x000000008ab00000, 0x000000008ac00000, 0x000000008ac00000|100%|HS|  |TAMS 0x000000008ac00000, 0x000000008ab00000| Complete 
| 172|0x000000008ac00000, 0x000000008ad00000, 0x000000008ad00000|100%|HC|  |TAMS 0x000000008ad00000, 0x000000008ac00000| Complete 
| 173|0x000000008ad00000, 0x000000008ae00000, 0x000000008ae00000|100%|HS|  |TAMS 0x000000008ae00000, 0x000000008ad00000| Complete 
| 174|0x000000008ae00000, 0x000000008af00000, 0x000000008af00000|100%|HC|  |TAMS 0x000000008af00000, 0x000000008ae00000| Complete 
| 175|0x000000008af00000, 0x000000008b000000, 0x000000008b000000|100%|HC|  |TAMS 0x000000008b000000, 0x000000008af00000| Complete 
| 176|0x000000008b000000, 0x000000008b100000, 0x000000008b100000|100%| O|  |TAMS 0x000000008b100000, 0x000000008b000000| Complete 
| 177|0x000000008b100000, 0x000000008b200000, 0x000000008b200000|100%| O|  |TAMS 0x000000008b200000, 0x000000008b100000| Complete 
| 178|0x000000008b200000, 0x000000008b300000, 0x000000008b300000|100%| O|  |TAMS 0x000000008b300000, 0x000000008b200000| Complete 
| 179|0x000000008b300000, 0x000000008b400000, 0x000000008b400000|100%| O|  |TAMS 0x000000008b400000, 0x000000008b300000| Complete 
| 180|0x000000008b400000, 0x000000008b500000, 0x000000008b500000|100%| O|  |TAMS 0x000000008b500000, 0x000000008b400000| Complete 
| 181|0x000000008b500000, 0x000000008b600000, 0x000000008b600000|100%| O|  |TAMS 0x000000008b600000, 0x000000008b500000| Complete 
| 182|0x000000008b600000, 0x000000008b700000, 0x000000008b700000|100%| O|  |TAMS 0x000000008b700000, 0x000000008b600000| Untracked 
| 183|0x000000008b700000, 0x000000008b800000, 0x000000008b800000|100%| O|  |TAMS 0x000000008b800000, 0x000000008b700000| Untracked 
| 184|0x000000008b800000, 0x000000008b900000, 0x000000008b900000|100%| O|  |TAMS 0x000000008b900000, 0x000000008b800000| Complete 
| 185|0x000000008b900000, 0x000000008ba00000, 0x000000008ba00000|100%| O|  |TAMS 0x000000008ba00000, 0x000000008b900000| Untracked 
| 186|0x000000008ba00000, 0x000000008bb00000, 0x000000008bb00000|100%| O|  |TAMS 0x000000008bb00000, 0x000000008ba00000| Untracked 
| 187|0x000000008bb00000, 0x000000008bc00000, 0x000000008bc00000|100%| O|  |TAMS 0x000000008bc00000, 0x000000008bb00000| Untracked 
| 188|0x000000008bc00000, 0x000000008bd00000, 0x000000008bd00000|100%| O|  |TAMS 0x000000008bd00000, 0x000000008bc00000| Untracked 
| 189|0x000000008bd00000, 0x000000008be00000, 0x000000008be00000|100%| O|  |TAMS 0x000000008be00000, 0x000000008bd00000| Untracked 
| 190|0x000000008be00000, 0x000000008bf00000, 0x000000008bf00000|100%| O|  |TAMS 0x000000008bf00000, 0x000000008be00000| Untracked 
| 191|0x000000008bf00000, 0x000000008c000000, 0x000000008c000000|100%| O|  |TAMS 0x000000008c000000, 0x000000008bf00000| Untracked 
| 192|0x000000008c000000, 0x000000008c100000, 0x000000008c100000|100%| O|  |TAMS 0x000000008c100000, 0x000000008c000000| Untracked 
| 193|0x000000008c100000, 0x000000008c200000, 0x000000008c200000|100%| O|  |TAMS 0x000000008c200000, 0x000000008c100000| Untracked 
| 194|0x000000008c200000, 0x000000008c300000, 0x000000008c300000|100%| O|  |TAMS 0x000000008c300000, 0x000000008c200000| Untracked 
| 195|0x000000008c300000, 0x000000008c400000, 0x000000008c400000|100%| O|  |TAMS 0x000000008c400000, 0x000000008c300000| Untracked 
| 196|0x000000008c400000, 0x000000008c500000, 0x000000008c500000|100%| O|  |TAMS 0x000000008c500000, 0x000000008c400000| Untracked 
| 197|0x000000008c500000, 0x000000008c600000, 0x000000008c600000|100%| O|  |TAMS 0x000000008c600000, 0x000000008c500000| Untracked 
| 198|0x000000008c600000, 0x000000008c700000, 0x000000008c700000|100%| O|  |TAMS 0x000000008c700000, 0x000000008c600000| Untracked 
| 199|0x000000008c700000, 0x000000008c800000, 0x000000008c800000|100%| O|  |TAMS 0x000000008c800000, 0x000000008c700000| Untracked 
| 200|0x000000008c800000, 0x000000008c900000, 0x000000008c900000|100%| O|  |TAMS 0x000000008c900000, 0x000000008c800000| Untracked 
| 201|0x000000008c900000, 0x000000008ca00000, 0x000000008ca00000|100%| O|  |TAMS 0x000000008ca00000, 0x000000008c900000| Untracked 
| 202|0x000000008ca00000, 0x000000008cb00000, 0x000000008cb00000|100%| O|  |TAMS 0x000000008cb00000, 0x000000008ca00000| Untracked 
| 203|0x000000008cb00000, 0x000000008cc00000, 0x000000008cc00000|100%| O|  |TAMS 0x000000008cc00000, 0x000000008cb00000| Untracked 
| 204|0x000000008cc00000, 0x000000008cd00000, 0x000000008cd00000|100%| O|  |TAMS 0x000000008cd00000, 0x000000008cc00000| Untracked 
| 205|0x000000008cd00000, 0x000000008ce00000, 0x000000008ce00000|100%| O|  |TAMS 0x000000008ce00000, 0x000000008cd00000| Untracked 
| 206|0x000000008ce00000, 0x000000008cf00000, 0x000000008cf00000|100%|HS|  |TAMS 0x000000008cf00000, 0x000000008ce00000| Complete 
| 207|0x000000008cf00000, 0x000000008d000000, 0x000000008d000000|100%|HC|  |TAMS 0x000000008d000000, 0x000000008cf00000| Complete 
| 208|0x000000008d000000, 0x000000008d000000, 0x000000008d100000|  0%| F|  |TAMS 0x000000008d000000, 0x000000008d000000| Untracked 
| 209|0x000000008d100000, 0x000000008d200000, 0x000000008d200000|100%| O|  |TAMS 0x000000008d200000, 0x000000008d100000| Untracked 
| 210|0x000000008d200000, 0x000000008d300000, 0x000000008d300000|100%| O|  |TAMS 0x000000008d300000, 0x000000008d200000| Untracked 
| 211|0x000000008d300000, 0x000000008d400000, 0x000000008d400000|100%| O|  |TAMS 0x000000008d400000, 0x000000008d300000| Untracked 
| 212|0x000000008d400000, 0x000000008d500000, 0x000000008d500000|100%| O|  |TAMS 0x000000008d500000, 0x000000008d400000| Complete 
| 213|0x000000008d500000, 0x000000008d600000, 0x000000008d600000|100%| O|  |TAMS 0x000000008d600000, 0x000000008d500000| Untracked 
| 214|0x000000008d600000, 0x000000008d700000, 0x000000008d700000|100%| O|  |TAMS 0x000000008d700000, 0x000000008d600000| Untracked 
| 215|0x000000008d700000, 0x000000008d800000, 0x000000008d800000|100%| O|  |TAMS 0x000000008d800000, 0x000000008d700000| Complete 
| 216|0x000000008d800000, 0x000000008d900000, 0x000000008d900000|100%| O|  |TAMS 0x000000008d900000, 0x000000008d800000| Untracked 
| 217|0x000000008d900000, 0x000000008da00000, 0x000000008da00000|100%|HS|  |TAMS 0x000000008da00000, 0x000000008d900000| Complete 
| 218|0x000000008da00000, 0x000000008db00000, 0x000000008db00000|100%|HC|  |TAMS 0x000000008db00000, 0x000000008da00000| Complete 
| 219|0x000000008db00000, 0x000000008dc00000, 0x000000008dc00000|100%|HS|  |TAMS 0x000000008dc00000, 0x000000008db00000| Complete 
| 220|0x000000008dc00000, 0x000000008dd00000, 0x000000008dd00000|100%| O|  |TAMS 0x000000008dd00000, 0x000000008dc00000| Untracked 
| 221|0x000000008dd00000, 0x000000008de00000, 0x000000008de00000|100%|HS|  |TAMS 0x000000008de00000, 0x000000008dd00000| Complete 
| 222|0x000000008de00000, 0x000000008df00000, 0x000000008df00000|100%| O|  |TAMS 0x000000008df00000, 0x000000008de00000| Complete 
| 223|0x000000008df00000, 0x000000008e000000, 0x000000008e000000|100%| O|  |TAMS 0x000000008e000000, 0x000000008df00000| Complete 
| 224|0x000000008e000000, 0x000000008e100000, 0x000000008e100000|100%| O|  |TAMS 0x000000008e100000, 0x000000008e000000| Complete 
| 225|0x000000008e100000, 0x000000008e200000, 0x000000008e200000|100%|HS|  |TAMS 0x000000008e200000, 0x000000008e100000| Complete 
| 226|0x000000008e200000, 0x000000008e300000, 0x000000008e300000|100%|HC|  |TAMS 0x000000008e300000, 0x000000008e200000| Complete 
| 227|0x000000008e300000, 0x000000008e400000, 0x000000008e400000|100%|HS|  |TAMS 0x000000008e400000, 0x000000008e300000| Complete 
| 228|0x000000008e400000, 0x000000008e500000, 0x000000008e500000|100%|HS|  |TAMS 0x000000008e500000, 0x000000008e400000| Complete 
| 229|0x000000008e500000, 0x000000008e600000, 0x000000008e600000|100%| O|  |TAMS 0x000000008e600000, 0x000000008e500000| Untracked 
| 230|0x000000008e600000, 0x000000008e700000, 0x000000008e700000|100%|HS|  |TAMS 0x000000008e700000, 0x000000008e600000| Complete 
| 231|0x000000008e700000, 0x000000008e800000, 0x000000008e800000|100%|HC|  |TAMS 0x000000008e800000, 0x000000008e700000| Complete 
| 232|0x000000008e800000, 0x000000008e900000, 0x000000008e900000|100%| O|  |TAMS 0x000000008e900000, 0x000000008e800000| Untracked 
| 233|0x000000008e900000, 0x000000008ea00000, 0x000000008ea00000|100%| O|  |TAMS 0x000000008ea00000, 0x000000008e900000| Untracked 
| 234|0x000000008ea00000, 0x000000008eb00000, 0x000000008eb00000|100%| O|  |TAMS 0x000000008eb00000, 0x000000008ea00000| Untracked 
| 235|0x000000008eb00000, 0x000000008ec00000, 0x000000008ec00000|100%| O|  |TAMS 0x000000008ec00000, 0x000000008eb00000| Complete 
| 236|0x000000008ec00000, 0x000000008ed00000, 0x000000008ed00000|100%| O|  |TAMS 0x000000008ed00000, 0x000000008ec00000| Untracked 
| 237|0x000000008ed00000, 0x000000008ee00000, 0x000000008ee00000|100%| O|  |TAMS 0x000000008ee00000, 0x000000008ed00000| Complete 
| 238|0x000000008ee00000, 0x000000008ef00000, 0x000000008ef00000|100%|HS|  |TAMS 0x000000008ef00000, 0x000000008ee00000| Complete 
| 239|0x000000008ef00000, 0x000000008f000000, 0x000000008f000000|100%|HC|  |TAMS 0x000000008f000000, 0x000000008ef00000| Complete 
| 240|0x000000008f000000, 0x000000008f100000, 0x000000008f100000|100%|HC|  |TAMS 0x000000008f100000, 0x000000008f000000| Complete 
| 241|0x000000008f100000, 0x000000008f200000, 0x000000008f200000|100%| O|  |TAMS 0x000000008f200000, 0x000000008f100000| Untracked 
| 242|0x000000008f200000, 0x000000008f300000, 0x000000008f300000|100%| O|  |TAMS 0x000000008f300000, 0x000000008f200000| Untracked 
| 243|0x000000008f300000, 0x000000008f400000, 0x000000008f400000|100%| O|  |TAMS 0x000000008f400000, 0x000000008f300000| Untracked 
| 244|0x000000008f400000, 0x000000008f500000, 0x000000008f500000|100%| O|  |TAMS 0x000000008f500000, 0x000000008f400000| Complete 
| 245|0x000000008f500000, 0x000000008f600000, 0x000000008f600000|100%| O|  |TAMS 0x000000008f600000, 0x000000008f500000| Complete 
| 246|0x000000008f600000, 0x000000008f700000, 0x000000008f700000|100%| O|  |TAMS 0x000000008f700000, 0x000000008f600000| Untracked 
| 247|0x000000008f700000, 0x000000008f800000, 0x000000008f800000|100%| O|  |TAMS 0x000000008f800000, 0x000000008f700000| Untracked 
| 248|0x000000008f800000, 0x000000008f900000, 0x000000008f900000|100%| O|  |TAMS 0x000000008f900000, 0x000000008f800000| Untracked 
| 249|0x000000008f900000, 0x000000008fa00000, 0x000000008fa00000|100%| O|  |TAMS 0x000000008fa00000, 0x000000008f900000| Untracked 
| 250|0x000000008fa00000, 0x000000008fb00000, 0x000000008fb00000|100%| O|  |TAMS 0x000000008fb00000, 0x000000008fa00000| Untracked 
| 251|0x000000008fb00000, 0x000000008fc00000, 0x000000008fc00000|100%| O|  |TAMS 0x000000008fc00000, 0x000000008fb00000| Untracked 
| 252|0x000000008fc00000, 0x000000008fd00000, 0x000000008fd00000|100%| O|  |TAMS 0x000000008fd00000, 0x000000008fc00000| Untracked 
| 253|0x000000008fd00000, 0x000000008fe00000, 0x000000008fe00000|100%| O|  |TAMS 0x000000008fe00000, 0x000000008fd00000| Untracked 
| 254|0x000000008fe00000, 0x000000008fe00000, 0x000000008ff00000|  0%| F|  |TAMS 0x000000008fe00000, 0x000000008fe00000| Untracked 
| 255|0x000000008ff00000, 0x0000000090000000, 0x0000000090000000|100%| O|  |TAMS 0x0000000090000000, 0x000000008ff00000| Untracked 
| 256|0x0000000090000000, 0x0000000090100000, 0x0000000090100000|100%| O|  |TAMS 0x0000000090100000, 0x0000000090000000| Untracked 
| 257|0x0000000090100000, 0x0000000090200000, 0x0000000090200000|100%| O|  |TAMS 0x0000000090200000, 0x0000000090100000| Untracked 
| 258|0x0000000090200000, 0x0000000090300000, 0x0000000090300000|100%| O|  |TAMS 0x0000000090300000, 0x0000000090200000| Complete 
| 259|0x0000000090300000, 0x0000000090400000, 0x0000000090400000|100%| O|  |TAMS 0x0000000090400000, 0x0000000090300000| Complete 
| 260|0x0000000090400000, 0x0000000090500000, 0x0000000090500000|100%| O|  |TAMS 0x0000000090400000, 0x0000000090400000| Untracked 
| 261|0x0000000090500000, 0x0000000090600000, 0x0000000090600000|100%| O|  |TAMS 0x0000000090500000, 0x0000000090500000| Untracked 
| 262|0x0000000090600000, 0x0000000090700000, 0x0000000090700000|100%| O|  |TAMS 0x0000000090600000, 0x0000000090600000| Untracked 
| 263|0x0000000090700000, 0x0000000090800000, 0x0000000090800000|100%| O|  |TAMS 0x0000000090700000, 0x0000000090700000| Untracked 
| 264|0x0000000090800000, 0x0000000090900000, 0x0000000090900000|100%| O|  |TAMS 0x0000000090800000, 0x0000000090800000| Untracked 
| 265|0x0000000090900000, 0x0000000090a00000, 0x0000000090a00000|100%| O|  |TAMS 0x0000000090900000, 0x0000000090900000| Untracked 
| 266|0x0000000090a00000, 0x0000000090b00000, 0x0000000090b00000|100%| O|  |TAMS 0x0000000090a00000, 0x0000000090a00000| Untracked 
| 267|0x0000000090b00000, 0x0000000090c00000, 0x0000000090c00000|100%| O|  |TAMS 0x0000000090b00000, 0x0000000090b00000| Untracked 
| 268|0x0000000090c00000, 0x0000000090d00000, 0x0000000090d00000|100%| O|  |TAMS 0x0000000090c00000, 0x0000000090c00000| Untracked 
| 269|0x0000000090d00000, 0x0000000090e00000, 0x0000000090e00000|100%| O|  |TAMS 0x0000000090d00000, 0x0000000090d00000| Untracked 
| 270|0x0000000090e00000, 0x0000000090f00000, 0x0000000090f00000|100%| O|  |TAMS 0x0000000090e00000, 0x0000000090e00000| Untracked 
| 271|0x0000000090f00000, 0x0000000091000000, 0x0000000091000000|100%| O|  |TAMS 0x0000000090f00000, 0x0000000090f00000| Untracked 
| 272|0x0000000091000000, 0x0000000091100000, 0x0000000091100000|100%| O|  |TAMS 0x0000000091000000, 0x0000000091000000| Untracked 
| 273|0x0000000091100000, 0x0000000091200000, 0x0000000091200000|100%| O|  |TAMS 0x0000000091100000, 0x0000000091100000| Untracked 
| 274|0x0000000091200000, 0x0000000091300000, 0x0000000091300000|100%| O|  |TAMS 0x0000000091200000, 0x0000000091200000| Untracked 
| 275|0x0000000091300000, 0x0000000091400000, 0x0000000091400000|100%| O|  |TAMS 0x0000000091300000, 0x0000000091300000| Untracked 
| 276|0x0000000091400000, 0x0000000091500000, 0x0000000091500000|100%| O|  |TAMS 0x0000000091400000, 0x0000000091400000| Untracked 
| 277|0x0000000091500000, 0x0000000091600000, 0x0000000091600000|100%| O|  |TAMS 0x0000000091500000, 0x0000000091500000| Untracked 
| 278|0x0000000091600000, 0x0000000091700000, 0x0000000091700000|100%| O|  |TAMS 0x0000000091600000, 0x0000000091600000| Untracked 
| 279|0x0000000091700000, 0x0000000091800000, 0x0000000091800000|100%| O|  |TAMS 0x0000000091700000, 0x0000000091700000| Untracked 
| 280|0x0000000091800000, 0x0000000091900000, 0x0000000091900000|100%| O|  |TAMS 0x0000000091800000, 0x0000000091800000| Untracked 
| 281|0x0000000091900000, 0x0000000091a00000, 0x0000000091a00000|100%| O|  |TAMS 0x0000000091900000, 0x0000000091900000| Untracked 
| 282|0x0000000091a00000, 0x0000000091b00000, 0x0000000091b00000|100%| O|  |TAMS 0x0000000091a00000, 0x0000000091a00000| Untracked 
| 283|0x0000000091b00000, 0x0000000091c00000, 0x0000000091c00000|100%| O|  |TAMS 0x0000000091b00000, 0x0000000091b00000| Untracked 
| 284|0x0000000091c00000, 0x0000000091d00000, 0x0000000091d00000|100%| O|  |TAMS 0x0000000091c00000, 0x0000000091c00000| Untracked 
| 285|0x0000000091d00000, 0x0000000091e00000, 0x0000000091e00000|100%| O|  |TAMS 0x0000000091d00000, 0x0000000091d00000| Untracked 
| 286|0x0000000091e00000, 0x0000000091f00000, 0x0000000091f00000|100%| O|  |TAMS 0x0000000091e00000, 0x0000000091e00000| Untracked 
| 287|0x0000000091f00000, 0x0000000092000000, 0x0000000092000000|100%| O|  |TAMS 0x0000000091f00000, 0x0000000091f00000| Untracked 
| 288|0x0000000092000000, 0x0000000092100000, 0x0000000092100000|100%| O|  |TAMS 0x0000000092000000, 0x0000000092000000| Untracked 
| 289|0x0000000092100000, 0x0000000092200000, 0x0000000092200000|100%| O|  |TAMS 0x0000000092100000, 0x0000000092100000| Untracked 
| 290|0x0000000092200000, 0x00000000922f8800, 0x0000000092300000| 97%| O|  |TAMS 0x0000000092200000, 0x0000000092200000| Untracked 
| 291|0x0000000092300000, 0x0000000092300000, 0x0000000092400000|  0%| F|  |TAMS 0x0000000092300000, 0x0000000092300000| Untracked 
| 292|0x0000000092400000, 0x0000000092400000, 0x0000000092500000|  0%| F|  |TAMS 0x0000000092400000, 0x0000000092400000| Untracked 
| 293|0x0000000092500000, 0x0000000092500000, 0x0000000092600000|  0%| F|  |TAMS 0x0000000092500000, 0x0000000092500000| Untracked 
| 294|0x0000000092600000, 0x0000000092600000, 0x0000000092700000|  0%| F|  |TAMS 0x0000000092600000, 0x0000000092600000| Untracked 
| 295|0x0000000092700000, 0x0000000092700000, 0x0000000092800000|  0%| F|  |TAMS 0x0000000092700000, 0x0000000092700000| Untracked 
| 296|0x0000000092800000, 0x0000000092800000, 0x0000000092900000|  0%| F|  |TAMS 0x0000000092800000, 0x0000000092800000| Untracked 
| 297|0x0000000092900000, 0x0000000092900000, 0x0000000092a00000|  0%| F|  |TAMS 0x0000000092900000, 0x0000000092900000| Untracked 
| 298|0x0000000092a00000, 0x0000000092a00000, 0x0000000092b00000|  0%| F|  |TAMS 0x0000000092a00000, 0x0000000092a00000| Untracked 
| 299|0x0000000092b00000, 0x0000000092b00000, 0x0000000092c00000|  0%| F|  |TAMS 0x0000000092b00000, 0x0000000092b00000| Untracked 
| 300|0x0000000092c00000, 0x0000000092c00000, 0x0000000092d00000|  0%| F|  |TAMS 0x0000000092c00000, 0x0000000092c00000| Untracked 
| 301|0x0000000092d00000, 0x0000000092d00000, 0x0000000092e00000|  0%| F|  |TAMS 0x0000000092d00000, 0x0000000092d00000| Untracked 
| 302|0x0000000092e00000, 0x0000000092e00000, 0x0000000092f00000|  0%| F|  |TAMS 0x0000000092e00000, 0x0000000092e00000| Untracked 
| 303|0x0000000092f00000, 0x0000000092f00000, 0x0000000093000000|  0%| F|  |TAMS 0x0000000092f00000, 0x0000000092f00000| Untracked 
| 304|0x0000000093000000, 0x0000000093000000, 0x0000000093100000|  0%| F|  |TAMS 0x0000000093000000, 0x0000000093000000| Untracked 
| 305|0x0000000093100000, 0x0000000093100000, 0x0000000093200000|  0%| F|  |TAMS 0x0000000093100000, 0x0000000093100000| Untracked 
| 306|0x0000000093200000, 0x0000000093200000, 0x0000000093300000|  0%| F|  |TAMS 0x0000000093200000, 0x0000000093200000| Untracked 
| 307|0x0000000093300000, 0x0000000093300000, 0x0000000093400000|  0%| F|  |TAMS 0x0000000093300000, 0x0000000093300000| Untracked 
| 308|0x0000000093400000, 0x0000000093400000, 0x0000000093500000|  0%| F|  |TAMS 0x0000000093400000, 0x0000000093400000| Untracked 
| 309|0x0000000093500000, 0x0000000093500000, 0x0000000093600000|  0%| F|  |TAMS 0x0000000093500000, 0x0000000093500000| Untracked 
| 310|0x0000000093600000, 0x0000000093600000, 0x0000000093700000|  0%| F|  |TAMS 0x0000000093600000, 0x0000000093600000| Untracked 
| 311|0x0000000093700000, 0x0000000093700000, 0x0000000093800000|  0%| F|  |TAMS 0x0000000093700000, 0x0000000093700000| Untracked 
| 312|0x0000000093800000, 0x0000000093800000, 0x0000000093900000|  0%| F|  |TAMS 0x0000000093800000, 0x0000000093800000| Untracked 
| 313|0x0000000093900000, 0x0000000093900000, 0x0000000093a00000|  0%| F|  |TAMS 0x0000000093900000, 0x0000000093900000| Untracked 
| 314|0x0000000093a00000, 0x0000000093a00000, 0x0000000093b00000|  0%| F|  |TAMS 0x0000000093a00000, 0x0000000093a00000| Untracked 
| 315|0x0000000093b00000, 0x0000000093b00000, 0x0000000093c00000|  0%| F|  |TAMS 0x0000000093b00000, 0x0000000093b00000| Untracked 
| 316|0x0000000093c00000, 0x0000000093c00000, 0x0000000093d00000|  0%| F|  |TAMS 0x0000000093c00000, 0x0000000093c00000| Untracked 
| 317|0x0000000093d00000, 0x0000000093d00000, 0x0000000093e00000|  0%| F|  |TAMS 0x0000000093d00000, 0x0000000093d00000| Untracked 
| 318|0x0000000093e00000, 0x0000000093e00000, 0x0000000093f00000|  0%| F|  |TAMS 0x0000000093e00000, 0x0000000093e00000| Untracked 
| 319|0x0000000093f00000, 0x0000000093f00000, 0x0000000094000000|  0%| F|  |TAMS 0x0000000093f00000, 0x0000000093f00000| Untracked 
| 320|0x0000000094000000, 0x0000000094000000, 0x0000000094100000|  0%| F|  |TAMS 0x0000000094000000, 0x0000000094000000| Untracked 
| 321|0x0000000094100000, 0x0000000094100000, 0x0000000094200000|  0%| F|  |TAMS 0x0000000094100000, 0x0000000094100000| Untracked 
| 322|0x0000000094200000, 0x0000000094200000, 0x0000000094300000|  0%| F|  |TAMS 0x0000000094200000, 0x0000000094200000| Untracked 
| 323|0x0000000094300000, 0x0000000094300000, 0x0000000094400000|  0%| F|  |TAMS 0x0000000094300000, 0x0000000094300000| Untracked 
| 324|0x0000000094400000, 0x0000000094400000, 0x0000000094500000|  0%| F|  |TAMS 0x0000000094400000, 0x0000000094400000| Untracked 
| 325|0x0000000094500000, 0x0000000094500000, 0x0000000094600000|  0%| F|  |TAMS 0x0000000094500000, 0x0000000094500000| Untracked 
| 326|0x0000000094600000, 0x0000000094600000, 0x0000000094700000|  0%| F|  |TAMS 0x0000000094600000, 0x0000000094600000| Untracked 
| 327|0x0000000094700000, 0x0000000094700000, 0x0000000094800000|  0%| F|  |TAMS 0x0000000094700000, 0x0000000094700000| Untracked 
| 328|0x0000000094800000, 0x0000000094800000, 0x0000000094900000|  0%| F|  |TAMS 0x0000000094800000, 0x0000000094800000| Untracked 
| 329|0x0000000094900000, 0x0000000094900000, 0x0000000094a00000|  0%| F|  |TAMS 0x0000000094900000, 0x0000000094900000| Untracked 
| 330|0x0000000094a00000, 0x0000000094a00000, 0x0000000094b00000|  0%| F|  |TAMS 0x0000000094a00000, 0x0000000094a00000| Untracked 
| 331|0x0000000094b00000, 0x0000000094b00000, 0x0000000094c00000|  0%| F|  |TAMS 0x0000000094b00000, 0x0000000094b00000| Untracked 
| 332|0x0000000094c00000, 0x0000000094c00000, 0x0000000094d00000|  0%| F|  |TAMS 0x0000000094c00000, 0x0000000094c00000| Untracked 
| 333|0x0000000094d00000, 0x0000000094d00000, 0x0000000094e00000|  0%| F|  |TAMS 0x0000000094d00000, 0x0000000094d00000| Untracked 
| 334|0x0000000094e00000, 0x0000000094f00000, 0x0000000094f00000|100%| S|CS|TAMS 0x0000000094e00000, 0x0000000094e00000| Complete 
| 335|0x0000000094f00000, 0x0000000095000000, 0x0000000095000000|100%| S|CS|TAMS 0x0000000094f00000, 0x0000000094f00000| Complete 
| 336|0x0000000095000000, 0x0000000095100000, 0x0000000095100000|100%| S|CS|TAMS 0x0000000095000000, 0x0000000095000000| Complete 
| 337|0x0000000095100000, 0x0000000095100000, 0x0000000095200000|  0%| F|  |TAMS 0x0000000095100000, 0x0000000095100000| Untracked 
| 338|0x0000000095200000, 0x0000000095200000, 0x0000000095300000|  0%| F|  |TAMS 0x0000000095200000, 0x0000000095200000| Untracked 
| 339|0x0000000095300000, 0x0000000095300000, 0x0000000095400000|  0%| F|  |TAMS 0x0000000095300000, 0x0000000095300000| Untracked 
| 340|0x0000000095400000, 0x0000000095400000, 0x0000000095500000|  0%| F|  |TAMS 0x0000000095400000, 0x0000000095400000| Untracked 
| 341|0x0000000095500000, 0x0000000095500000, 0x0000000095600000|  0%| F|  |TAMS 0x0000000095500000, 0x0000000095500000| Untracked 
| 342|0x0000000095600000, 0x0000000095600000, 0x0000000095700000|  0%| F|  |TAMS 0x0000000095600000, 0x0000000095600000| Untracked 
| 343|0x0000000095700000, 0x0000000095700000, 0x0000000095800000|  0%| F|  |TAMS 0x0000000095700000, 0x0000000095700000| Untracked 
| 344|0x0000000095800000, 0x0000000095800000, 0x0000000095900000|  0%| F|  |TAMS 0x0000000095800000, 0x0000000095800000| Untracked 
| 345|0x0000000095900000, 0x0000000095900000, 0x0000000095a00000|  0%| F|  |TAMS 0x0000000095900000, 0x0000000095900000| Untracked 
| 346|0x0000000095a00000, 0x0000000095a00000, 0x0000000095b00000|  0%| F|  |TAMS 0x0000000095a00000, 0x0000000095a00000| Untracked 
| 347|0x0000000095b00000, 0x0000000095b00000, 0x0000000095c00000|  0%| F|  |TAMS 0x0000000095b00000, 0x0000000095b00000| Untracked 
| 348|0x0000000095c00000, 0x0000000095c00000, 0x0000000095d00000|  0%| F|  |TAMS 0x0000000095c00000, 0x0000000095c00000| Untracked 
| 349|0x0000000095d00000, 0x0000000095d00000, 0x0000000095e00000|  0%| F|  |TAMS 0x0000000095d00000, 0x0000000095d00000| Untracked 
| 350|0x0000000095e00000, 0x0000000095e00000, 0x0000000095f00000|  0%| F|  |TAMS 0x0000000095e00000, 0x0000000095e00000| Untracked 

Card table byte_map: [0x000001ae72e10000,0x000001ae73210000] _byte_map_base: 0x000001ae72a10000

Marking Bits (Prev, Next): (CMBitMap*) 0x000001ae6b36e900, (CMBitMap*) 0x000001ae6b36e8c8
 Prev Bits: [0x000001ae75610000, 0x000001ae77610000)
 Next Bits: [0x000001ae73610000, 0x000001ae75610000)

Polling page: 0x000001ae69310000

Metaspace:

Usage:
  Non-class:    110.62 MB capacity,   108.28 MB ( 98%) used,     1.94 MB (  2%) free+waste,   405.06 KB ( <1%) overhead. 
      Class:     16.88 MB capacity,    15.59 MB ( 92%) used,     1.12 MB (  7%) free+waste,   182.62 KB (  1%) overhead. 
       Both:    127.50 MB capacity,   123.87 MB ( 97%) used,     3.06 MB (  2%) free+waste,   587.69 KB ( <1%) overhead. 

Virtual space:
  Non-class space:      112.00 MB reserved,     110.75 MB ( 99%) committed 
      Class space:        1.00 GB reserved,      17.00 MB (  2%) committed 
             Both:        1.11 GB reserved,     127.75 MB ( 11%) committed 

Chunk freelists:
   Non-Class:  8.75 KB
       Class:  2.75 KB
        Both:  11.50 KB

CodeHeap 'non-profiled nmethods': size=120064Kb used=12869Kb max_used=12869Kb free=107194Kb
 bounds [0x000001ae07ac0000, 0x000001ae08760000, 0x000001ae0f000000]
CodeHeap 'profiled nmethods': size=120000Kb used=39642Kb max_used=39642Kb free=80357Kb
 bounds [0x000001ae00590000, 0x000001ae02d10000, 0x000001ae07ac0000]
CodeHeap 'non-nmethods': size=5696Kb used=2390Kb max_used=2446Kb free=3305Kb
 bounds [0x000001ae00000000, 0x000001ae00280000, 0x000001ae00590000]
 total_blobs=18649 nmethods=17635 adapters=924
 compilation: enabled
              stopped_count=0, restarted_count=0
 full_count=0

Compilation events (10 events):
Event: 2114.732 Thread 0x000001ae7a447000 20157       2       com.android.builder.internal.aapt.v2.AaptV2CommandBuilder$makeLinkCommand$$inlined$sortedBy$1::compare (39 bytes)
Event: 2114.733 Thread 0x000001ae7a447000 nmethod 20157 0x000001ae015fc110 code [0x000001ae015fc2c0, 0x000001ae015fc488]
Event: 2114.734 Thread 0x000001ae7a447000 20158       2       com.google.common.collect.ImmutableList$Builder::add (14 bytes)
Event: 2114.735 Thread 0x000001ae7a447000 nmethod 20158 0x000001ae015fba90 code [0x000001ae015fbc60, 0x000001ae015fbfa8]
Event: 2114.735 Thread 0x000001ae7a447000 20159       2       com.google.common.collect.ImmutableList$Builder::add (35 bytes)
Event: 2114.735 Thread 0x000001ae7a447000 nmethod 20159 0x000001ae015fb510 code [0x000001ae015fb6c0, 0x000001ae015fb978]
Event: 2114.750 Thread 0x000001ae7a442800 nmethod 20079 0x000001ae0874ea10 code [0x000001ae0874ed40, 0x000001ae08752a90]
Event: 2114.751 Thread 0x000001ae7a442800 20153       4       com.android.tools.r8.dex.code.v1::a (4134 bytes)
Event: 2114.775 Thread 0x000001ae7a447000 20161       2       com.android.tools.r8.dex.code.m0::<init> (7 bytes)
Event: 2114.776 Thread 0x000001ae7a447000 nmethod 20161 0x000001ae01602810 code [0x000001ae016029c0, 0x000001ae01602bf8]

GC Heap History (10 events):
Event: 2112.305 GC heap after
{Heap after GC invocations=131 (full 0):
 garbage-first heap   total 299008K, used 255401K [0x0000000080000000, 0x0000000100000000)
  region size 1024K, 2 young (2048K), 2 survivors (2048K)
 Metaspace       used 126591K, capacity 130307K, committed 130560K, reserved 1163264K
  class space    used 15963K, capacity 17298K, committed 17408K, reserved 1048576K
}
Event: 2112.617 GC heap before
{Heap before GC invocations=131 (full 0):
 garbage-first heap   total 299008K, used 266665K [0x0000000080000000, 0x0000000100000000)
  region size 1024K, 14 young (14336K), 2 survivors (2048K)
 Metaspace       used 126738K, capacity 130515K, committed 130816K, reserved 1163264K
  class space    used 15963K, capacity 17298K, committed 17408K, reserved 1048576K
}
Event: 2112.655 GC heap after
{Heap after GC invocations=132 (full 0):
 garbage-first heap   total 359424K, used 256898K [0x0000000080000000, 0x0000000100000000)
  region size 1024K, 2 young (2048K), 2 survivors (2048K)
 Metaspace       used 126738K, capacity 130515K, committed 130816K, reserved 1163264K
  class space    used 15963K, capacity 17298K, committed 17408K, reserved 1048576K
}
Event: 2113.177 GC heap before
{Heap before GC invocations=132 (full 0):
 garbage-first heap   total 359424K, used 283522K [0x0000000080000000, 0x0000000100000000)
  region size 1024K, 28 young (28672K), 2 survivors (2048K)
 Metaspace       used 126843K, capacity 130586K, committed 130816K, reserved 1163264K
  class space    used 15967K, capacity 17299K, committed 17408K, reserved 1048576K
}
Event: 2113.619 GC heap after
{Heap after GC invocations=133 (full 0):
 garbage-first heap   total 359424K, used 270336K [0x0000000080000000, 0x0000000100000000)
  region size 1024K, 4 young (4096K), 4 survivors (4096K)
 Metaspace       used 126843K, capacity 130586K, committed 130816K, reserved 1163264K
  class space    used 15967K, capacity 17299K, committed 17408K, reserved 1048576K
}
Event: 2114.360 GC heap before
{Heap before GC invocations=133 (full 0):
 garbage-first heap   total 359424K, used 291840K [0x0000000080000000, 0x0000000100000000)
  region size 1024K, 25 young (25600K), 4 survivors (4096K)
 Metaspace       used 126834K, capacity 130564K, committed 130816K, reserved 1163264K
  class space    used 15962K, capacity 17290K, committed 17408K, reserved 1048576K
}
Event: 2114.390 GC heap after
{Heap after GC invocations=134 (full 0):
 garbage-first heap   total 359424K, used 282112K [0x0000000080000000, 0x0000000100000000)
  region size 1024K, 4 young (4096K), 4 survivors (4096K)
 Metaspace       used 126834K, capacity 130564K, committed 130816K, reserved 1163264K
  class space    used 15962K, capacity 17290K, committed 17408K, reserved 1048576K
}
Event: 2114.596 GC heap before
{Heap before GC invocations=135 (full 0):
 garbage-first heap   total 359424K, used 299520K [0x0000000080000000, 0x0000000100000000)
  region size 1024K, 21 young (21504K), 4 survivors (4096K)
 Metaspace       used 126841K, capacity 130564K, committed 130816K, reserved 1163264K
  class space    used 15962K, capacity 17290K, committed 17408K, reserved 1048576K
}
Event: 2114.626 GC heap after
{Heap after GC invocations=136 (full 0):
 garbage-first heap   total 359424K, used 291840K [0x0000000080000000, 0x0000000100000000)
  region size 1024K, 3 young (3072K), 3 survivors (3072K)
 Metaspace       used 126841K, capacity 130564K, committed 130816K, reserved 1163264K
  class space    used 15962K, capacity 17290K, committed 17408K, reserved 1048576K
}
Event: 2114.872 GC heap before
{Heap before GC invocations=136 (full 0):
 garbage-first heap   total 359424K, used 306176K [0x0000000080000000, 0x0000000100000000)
  region size 1024K, 17 young (17408K), 3 survivors (3072K)
 Metaspace       used 126841K, capacity 130564K, committed 130816K, reserved 1163264K
  class space    used 15962K, capacity 17290K, committed 17408K, reserved 1048576K
}

Deoptimization events (10 events):
Event: 2111.870 Thread 0x000001ae7b3c5000 Uncommon trap: reason=class_check action=maybe_recompile pc=0x000001ae083570d0 method=com.android.tools.r8.dex.i.a(ILjava/util/function/Supplier;)Ljava/lang/Object; @ 31 c2
Event: 2112.043 Thread 0x000001ae7b3bc000 Uncommon trap: reason=unstable_if action=reinterpret pc=0x000001ae0853d9c8 method=java.io.ObjectOutputStream$BlockDataOutputStream.writeByte(I)V @ 7 c2
Event: 2112.060 Thread 0x000001ae7b3bc000 Uncommon trap: reason=unstable_if action=reinterpret pc=0x000001ae0852b560 method=java.io.ObjectOutputStream$BlockDataOutputStream.writeInt(I)V @ 9 c2
Event: 2112.101 Thread 0x000001ae7b3bc000 Uncommon trap: reason=unstable_if action=reinterpret pc=0x000001ae07fd4e5c method=java.lang.StringCoding.decode(Ljava/nio/charset/Charset;[BII)Ljava/lang/StringCoding$Result; @ 19 c2
Event: 2112.326 Thread 0x000001ae7b3c4000 Uncommon trap: reason=unstable_if action=reinterpret pc=0x000001ae0835deb4 method=com.android.tools.r8.internal.Ju.d(I)V @ 38 c2
Event: 2112.541 Thread 0x000001ae7b3c5000 Uncommon trap: reason=unstable_if action=reinterpret pc=0x000001ae080ec68c method=java.util.concurrent.ConcurrentLinkedQueue.offer(Ljava/lang/Object;)Z @ 42 c2
Event: 2112.847 Thread 0x000001ae7b3c4000 Uncommon trap: reason=unstable_if action=reinterpret pc=0x000001ae08710460 method=com.android.tools.r8.dex.code.v1.a(Ljava/nio/ShortBuffer;IILcom/android/tools/r8/internal/OM;)[Lcom/android/tools/r8/dex/code/t1; @ 541 c2
Event: 2113.971 Thread 0x000001ae7b3be800 Uncommon trap: reason=class_check action=maybe_recompile pc=0x000001ae0871cda4 method=com.android.tools.r8.dex.i.a(I[Lcom/android/tools/r8/dex/code/t1;)Lcom/android/tools/r8/graph/c0; @ 11 c2
Event: 2114.271 Thread 0x000001ae7b3be800 Uncommon trap: reason=class_check action=maybe_recompile pc=0x000001ae0871cda4 method=com.android.tools.r8.dex.i.a(I[Lcom/android/tools/r8/dex/code/t1;)Lcom/android/tools/r8/graph/c0; @ 11 c2
Event: 2114.421 Thread 0x000001ae7b3c5000 Uncommon trap: reason=unloaded action=reinterpret pc=0x000001ae08743d6c method=com.android.tools.r8.dex.code.v1.a(Ljava/nio/ShortBuffer;IILcom/android/tools/r8/internal/OM;)[Lcom/android/tools/r8/dex/code/t1; @ 3143 c2

Classes redefined (0 events):
No events

Internal exceptions (10 events):
Event: 2110.129 Thread 0x000001ae7b3bd000 Exception <a 'java/lang/NoSuchMethodError'{0x000000009205b0b8}: static Lcom/android/build/api/variant/impl/VariantOutputImpl$SerializedForm;.<clinit>()V> (0x000000009205b0b8) thrown at [./open/src/hotspot/share/prims/jni.cpp, line 1366]
Event: 2110.130 Thread 0x000001ae7b3bd000 Exception <a 'java/lang/NoSuchMethodError'{0x000000009206dde0}: static Lcom/android/build/api/variant/impl/VariantOutputConfigurationImpl;.<clinit>()V> (0x000000009206dde0) thrown at [./open/src/hotspot/share/prims/jni.cpp, line 1366]
Event: 2110.495 Thread 0x000001ae7b3b9800 Exception <a 'java/lang/NoSuchMethodError'{0x0000000091b59838}: java.lang.invoke.DirectMethodHandle$Holder.invokeStaticInit(Ljava/lang/Object;Ljava/lang/Object;Ljava/lang/Object;Ljava/lang/Object;Ljava/lang/Object;Ljava/lang/Object;Ljava/lang/Object;Ljava
Event: 2111.799 Thread 0x000001ae7b3c1000 Exception <a 'java/lang/IncompatibleClassChangeError'{0x00000000921928c0}: Found class java.lang.Object, but interface was expected> (0x00000000921928c0) thrown at [./open/src/hotspot/share/interpreter/linkResolver.cpp, line 838]
Event: 2111.812 Thread 0x000001ae7b3bb000 Exception <a 'java/lang/NoSuchMethodError'{0x0000000092010ee8}: java.lang.invoke.DirectMethodHandle$Holder.invokeStatic(Ljava/lang/Object;J)V> (0x0000000092010ee8) thrown at [./open/src/hotspot/share/interpreter/linkResolver.cpp, line 772]
Event: 2111.820 Thread 0x000001ae7b3bb000 Exception <a 'java/lang/NoSuchMethodError'{0x0000000092016830}: java.lang.invoke.DirectMethodHandle$Holder.invokeStatic(Ljava/lang/Object;J)Ljava/lang/Object;> (0x0000000092016830) thrown at [./open/src/hotspot/share/interpreter/linkResolver.cpp, line 772
Event: 2111.820 Thread 0x000001ae7b3bb000 Exception <a 'java/lang/NoSuchMethodError'{0x0000000092020e48}: java.lang.invoke.DirectMethodHandle$Holder.invokeSpecial(Ljava/lang/Object;Ljava/lang/Object;J)Ljava/lang/Object;> (0x0000000092020e48) thrown at [./open/src/hotspot/share/interpreter/linkRes
Event: 2111.829 Thread 0x000001ae7b3bb000 Exception <a 'java/lang/NoSuchMethodError'{0x000000009203c0f0}: java.lang.invoke.DirectMethodHandle$Holder.invokeStaticInit(Ljava/lang/Object;Ljava/lang/Object;JLjava/lang/Object;)Ljava/lang/Object;> (0x000000009203c0f0) thrown at [./open/src/hotspot/shar
Event: 2111.971 Thread 0x000001ae7b3c1000 Exception <a 'java/lang/IncompatibleClassChangeError'{0x0000000091e04020}: Found class java.lang.Object, but interface was expected> (0x0000000091e04020) thrown at [./open/src/hotspot/share/interpreter/linkResolver.cpp, line 838]
Event: 2111.972 Thread 0x000001ae7b3c1000 Exception <a 'java/lang/IncompatibleClassChangeError'{0x0000000091e15ba8}: Found class java.lang.Object, but interface was expected> (0x0000000091e15ba8) thrown at [./open/src/hotspot/share/interpreter/linkResolver.cpp, line 838]

Events (10 events):
Event: 2114.572 Thread 0x000001ae7b3c5000 DEOPT UNPACKING pc=0x000001ae00026dde sp=0x0000003e7f7fdd10 mode 0
Event: 2114.588 Thread 0x000001ae7b3c1000 DEOPT PACKING pc=0x000001ae0106933a sp=0x0000003e7f4fe480
Event: 2114.588 Thread 0x000001ae7b3c1000 DEOPT UNPACKING pc=0x000001ae00026dde sp=0x0000003e7f4fda00 mode 0
Event: 2114.596 Executing VM operation: G1CollectForAllocation
Event: 2114.626 Executing VM operation: G1CollectForAllocation done
Event: 2114.640 Thread 0x000001ae7b3c4000 DEOPT PACKING pc=0x000001ae0106933a sp=0x0000003e7f5fe340
Event: 2114.640 Thread 0x000001ae7b3c4000 DEOPT UNPACKING pc=0x000001ae00026dde sp=0x0000003e7f5fd8c0 mode 0
Event: 2114.788 Thread 0x000001ae7b3c4000 DEOPT PACKING pc=0x000001ae0106933a sp=0x0000003e7f5fe340
Event: 2114.788 Thread 0x000001ae7b3c4000 DEOPT UNPACKING pc=0x000001ae00026dde sp=0x0000003e7f5fd8c0 mode 0
Event: 2114.872 Executing VM operation: G1CollectForAllocation


Dynamic libraries:
0x00007ff7d7af0000 - 0x00007ff7d7b00000 	C:\Program Files\Java\jdk-11\bin\java.exe
0x00007ff8a9550000 - 0x00007ff8a9748000 	C:\WINDOWS\SYSTEM32\ntdll.dll
0x00007ff8a7cb0000 - 0x00007ff8a7d6f000 	C:\WINDOWS\System32\KERNEL32.DLL
0x00007ff8a6f40000 - 0x00007ff8a7236000 	C:\WINDOWS\System32\KERNELBASE.dll
0x00007ff8a6c30000 - 0x00007ff8a6d30000 	C:\WINDOWS\System32\ucrtbase.dll
0x00007ff88fb10000 - 0x00007ff88fb28000 	C:\Program Files\Java\jdk-11\bin\jli.dll
0x00007ff8919f0000 - 0x00007ff891a0b000 	C:\Program Files\Java\jdk-11\bin\VCRUNTIME140.dll
0x00007ff8a8540000 - 0x00007ff8a85ef000 	C:\WINDOWS\System32\ADVAPI32.dll
0x00007ff8a7900000 - 0x00007ff8a799e000 	C:\WINDOWS\System32\msvcrt.dll
0x00007ff8a7bf0000 - 0x00007ff8a7c8c000 	C:\WINDOWS\System32\sechost.dll
0x00007ff8a91e0000 - 0x00007ff8a9306000 	C:\WINDOWS\System32\RPCRT4.dll
0x00007ff8a8e30000 - 0x00007ff8a8fcd000 	C:\WINDOWS\System32\USER32.dll
0x00007ff8a6e90000 - 0x00007ff8a6eb2000 	C:\WINDOWS\System32\win32u.dll
0x00007ff8a7870000 - 0x00007ff8a789c000 	C:\WINDOWS\System32\GDI32.dll
0x00007ff88f520000 - 0x00007ff88f7ba000 	C:\WINDOWS\WinSxS\amd64_microsoft.windows.common-controls_6595b64144ccf1df_6.0.19041.1110_none_60b5254171f9507e\COMCTL32.dll
0x00007ff8a7240000 - 0x00007ff8a7355000 	C:\WINDOWS\System32\gdi32full.dll
0x00007ff8a7460000 - 0x00007ff8a74fd000 	C:\WINDOWS\System32\msvcp_win.dll
0x00007ff89df70000 - 0x00007ff89df7a000 	C:\WINDOWS\SYSTEM32\VERSION.dll
0x00007ff8a7730000 - 0x00007ff8a7760000 	C:\WINDOWS\System32\IMM32.DLL
0x00007ff8a2800000 - 0x00007ff8a280c000 	C:\Program Files\Java\jdk-11\bin\vcruntime140_1.dll
0x00007ff86d870000 - 0x00007ff86d8fe000 	C:\Program Files\Java\jdk-11\bin\msvcp140.dll
0x00007ff8543f0000 - 0x00007ff854f58000 	C:\Program Files\Java\jdk-11\bin\server\jvm.dll
0x00007ff8a7ca0000 - 0x00007ff8a7ca8000 	C:\WINDOWS\System32\PSAPI.DLL
0x00007ff887e40000 - 0x00007ff887e49000 	C:\WINDOWS\SYSTEM32\WSOCK32.dll
0x00007ff89c920000 - 0x00007ff89c947000 	C:\WINDOWS\SYSTEM32\WINMM.dll
0x00007ff8a85f0000 - 0x00007ff8a865b000 	C:\WINDOWS\System32\WS2_32.dll
0x00007ff8a5480000 - 0x00007ff8a5492000 	C:\WINDOWS\SYSTEM32\kernel.appcore.dll
0x00007ff8a27a0000 - 0x00007ff8a27b0000 	C:\Program Files\Java\jdk-11\bin\verify.dll
0x00007ff8a5260000 - 0x00007ff8a5444000 	C:\WINDOWS\SYSTEM32\DBGHELP.DLL
0x00007ff892b20000 - 0x00007ff892b54000 	C:\WINDOWS\SYSTEM32\dbgcore.DLL
0x00007ff8a73d0000 - 0x00007ff8a7452000 	C:\WINDOWS\System32\bcryptPrimitives.dll
0x00007ff86f330000 - 0x00007ff86f358000 	C:\Program Files\Java\jdk-11\bin\java.dll
0x00007ff8a25c0000 - 0x00007ff8a25ca000 	C:\Program Files\Java\jdk-11\bin\jimage.dll
0x00007ff88e3c0000 - 0x00007ff88e3d7000 	C:\Program Files\Java\jdk-11\bin\zip.dll
0x00007ff8a86c0000 - 0x00007ff8a8e04000 	C:\WINDOWS\System32\SHELL32.dll
0x00007ff8a4a00000 - 0x00007ff8a5193000 	C:\WINDOWS\SYSTEM32\windows.storage.dll
0x00007ff8a7d70000 - 0x00007ff8a80c4000 	C:\WINDOWS\System32\combase.dll
0x00007ff8a65b0000 - 0x00007ff8a65de000 	C:\WINDOWS\SYSTEM32\Wldp.dll
0x00007ff8a7760000 - 0x00007ff8a780d000 	C:\WINDOWS\System32\SHCORE.dll
0x00007ff8a7810000 - 0x00007ff8a7865000 	C:\WINDOWS\System32\shlwapi.dll
0x00007ff8a6b70000 - 0x00007ff8a6b8f000 	C:\WINDOWS\SYSTEM32\profapi.dll
0x00007ff88e2c0000 - 0x00007ff88e2d9000 	C:\Program Files\Java\jdk-11\bin\net.dll
0x00007ff89c200000 - 0x00007ff89c30a000 	C:\WINDOWS\SYSTEM32\WINHTTP.dll
0x00007ff8a6310000 - 0x00007ff8a637a000 	C:\WINDOWS\system32\mswsock.dll
0x00007ff886c80000 - 0x00007ff886c92000 	C:\Program Files\Java\jdk-11\bin\nio.dll
0x00007ff8a25d0000 - 0x00007ff8a25f7000 	C:\Users\User\.gradle\native\e1d6ef7f7dcc3fd88c89a11ec53ec762bb8ba0a96d01ffa2cd45eb1d1d8dd5c5\windows-amd64\native-platform.dll
0x00007ff86a2d0000 - 0x00007ff86a414000 	C:\Users\User\.gradle\native\0d407fdbe67a94daf76414ababcb853783967236a71b16ec16e742cd7a986fd3\windows-amd64\native-platform-file-events.dll
0x00007ff8a07f0000 - 0x00007ff8a07f9000 	C:\Program Files\Java\jdk-11\bin\management.dll
0x00007ff894920000 - 0x00007ff89492b000 	C:\Program Files\Java\jdk-11\bin\management_ext.dll
0x00007ff8a6510000 - 0x00007ff8a6528000 	C:\WINDOWS\SYSTEM32\CRYPTSP.dll
0x00007ff8a5c30000 - 0x00007ff8a5c64000 	C:\WINDOWS\system32\rsaenh.dll
0x00007ff8a6f10000 - 0x00007ff8a6f37000 	C:\WINDOWS\System32\bcrypt.dll
0x00007ff8a6b30000 - 0x00007ff8a6b5e000 	C:\WINDOWS\SYSTEM32\USERENV.dll
0x00007ff8a6500000 - 0x00007ff8a650c000 	C:\WINDOWS\SYSTEM32\CRYPTBASE.dll
0x00007ff8a6000000 - 0x00007ff8a603c000 	C:\WINDOWS\SYSTEM32\IPHLPAPI.DLL
0x00007ff8a7c90000 - 0x00007ff8a7c98000 	C:\WINDOWS\System32\NSI.dll
0x00007ff899a70000 - 0x00007ff899a87000 	C:\WINDOWS\SYSTEM32\dhcpcsvc6.DLL
0x00007ff89c850000 - 0x00007ff89c86d000 	C:\WINDOWS\SYSTEM32\dhcpcsvc.DLL
0x00007ff8a6040000 - 0x00007ff8a610b000 	C:\WINDOWS\SYSTEM32\DNSAPI.dll
0x00007ff8a5d70000 - 0x00007ff8a5da3000 	C:\WINDOWS\SYSTEM32\ntmarta.dll

dbghelp: loaded successfully - version: 4.0.5 - missing functions: none
symbol engine: initialized successfully - sym options: 0x614 - pdb path: .;C:\Program Files\Java\jdk-11\bin;C:\WINDOWS\SYSTEM32;C:\WINDOWS\WinSxS\amd64_microsoft.windows.common-controls_6595b64144ccf1df_6.0.19041.1110_none_60b5254171f9507e;C:\Program Files\Java\jdk-11\bin\server;C:\Users\User\.gradle\native\e1d6ef7f7dcc3fd88c89a11ec53ec762bb8ba0a96d01ffa2cd45eb1d1d8dd5c5\windows-amd64;C:\Users\User\.gradle\native\0d407fdbe67a94daf76414ababcb853783967236a71b16ec16e742cd7a986fd3\windows-amd64

VM Arguments:
jvm_args: --add-opens=java.base/java.util=ALL-UNNAMED --add-opens=java.base/java.lang=ALL-UNNAMED --add-opens=java.base/java.lang.invoke=ALL-UNNAMED --add-opens=java.base/java.util=ALL-UNNAMED --add-opens=java.prefs/java.util.prefs=ALL-UNNAMED --add-opens=java.prefs/java.util.prefs=ALL-UNNAMED --add-opens=java.base/java.nio.charset=ALL-UNNAMED --add-opens=java.base/java.net=ALL-UNNAMED --add-opens=java.base/java.util.concurrent.atomic=ALL-UNNAMED -Xmx2048m -Dfile.encoding=UTF-8 -Duser.country=US -Duser.language=en -Duser.variant 
java_command: org.gradle.launcher.daemon.bootstrap.GradleDaemon 7.5
java_class_path (initial): C:\Users\User\.gradle\wrapper\dists\gradle-7.5-bin\f1w0cc9nuo0eivz97x2xlu9sv\gradle-7.5\lib\gradle-launcher-7.5.jar
Launcher Type: SUN_STANDARD

[Global flags]
     intx CICompilerCount                          = 3                                         {product} {ergonomic}
     uint ConcGCThreads                            = 1                                         {product} {ergonomic}
     uint G1ConcRefinementThreads                  = 4                                         {product} {ergonomic}
   size_t G1HeapRegionSize                         = 1048576                                   {product} {ergonomic}
    uintx GCDrainStackTargetSize                   = 64                                        {product} {ergonomic}
   size_t InitialHeapSize                          = 100663296                                 {product} {ergonomic}
   size_t MarkStackSize                            = 4194304                                   {product} {ergonomic}
   size_t MaxHeapSize                              = 2147483648                                {product} {command line}
   size_t MaxNewSize                               = 1287651328                                {product} {ergonomic}
   size_t MinHeapDeltaBytes                        = 1048576                                   {product} {ergonomic}
    uintx NonNMethodCodeHeapSize                   = 5830732                                {pd product} {ergonomic}
    uintx NonProfiledCodeHeapSize                  = 122913754                              {pd product} {ergonomic}
    uintx ProfiledCodeHeapSize                     = 122913754                              {pd product} {ergonomic}
    uintx ReservedCodeCacheSize                    = 251658240                              {pd product} {ergonomic}
     bool SegmentedCodeCache                       = true                                      {product} {ergonomic}
     bool UseCompressedClassPointers               = true                                 {lp64_product} {ergonomic}
     bool UseCompressedOops                        = true                                 {lp64_product} {ergonomic}
     bool UseG1GC                                  = true                                      {product} {ergonomic}
     bool UseLargePagesIndividualAllocation        = false                                  {pd product} {ergonomic}

Logging:
Log output configuration:
 #0: stdout all=warning uptime,level,tags
 #1: stderr all=off uptime,level,tags

Environment Variables:
PATH=C:\Program Files\Common Files\Oracle\Java\javapath;C:\Program Files (x86)\Common Files\Oracle\Java\javapath;C:\Program Files (x86)\Common Files\Intel\Shared Files\cpp\bin\Intel64;C:\oraclexe\app\oracle\product\11.2.0\server\bin;C:\WINDOWS\system32;C:\WINDOWS;C:\WINDOWS\System32\Wbem;C:\WINDOWS\System32\WindowsPowerShell\v1.0\;C:\WINDOWS\System32\OpenSSH\;C:\Program Files\aircrack-ng-1.6-win\bin;C:\Program Files\Java\jre1.8.0_241\bin;C:\Program Files\Java\jdk1.8.0_221\bin;C:\Program Files\Git\cmd;C:\Users\User\AppData\Local\Microsoft\WindowsApps;C:\adb;C:\WINDOWS\system32;C:\WINDOWS;C:\WINDOWS\System32\Wbem;C:\WINDOWS\System32\WindowsPowerShell\v1.0\;C:\WINDOWS\System32\OpenSSH\;C:\Python27;C:\Program Files\PuTTY\;C:\Program Files\Git LFS;C:\xampp\php;C:\xampp\php\php.exe;C:\scrcpy;C:\Program Files\Java\jdk-11\bin;C:\Users\User\AppData\Local\Programs\Python\Python311\Scripts\;C:\Users\User\AppData\Local\Programs\Python\Python311\;C:\Users\User\AppData\Local\Microsoft\WindowsApps;C:\Program Files\JetBrains\PyCharm Community Edition 2021.2.2\bin;;C:\Python27;C:\scrcpy;
USERNAME=User
OS=Windows_NT
PROCESSOR_IDENTIFIER=AMD64 Family 23 Model 24 Stepping 1, AuthenticAMD



---------------  S Y S T E M  ---------------

OS: Windows 10 , 64 bit Build 19041 (10.0.19041.2913)

CPU:total 4 (initial active 4) (4 cores per cpu, 2 threads per core) family 23 model 24 stepping 1 microcode 0x0, cmov, cx8, fxsr, mmx, sse, sse2, sse3, ssse3, sse4.1, sse4.2, popcnt, avx, avx2, aes, clmul, mmxext, 3dnowpref, lzcnt, sse4a, ht, tsc, tscinvbit, tscinv, bmi1, bmi2, adx, s

Memory: 4k page, system-wide physical 6058M (325M free)
TotalPageFile size 21163M (AvailPageFile size 47M)
current process WorkingSet (physical memory assigned to process): 525M, peak: 545M
current process commit charge ("private bytes"): 748M, peak: 1214M

vm_info: Java HotSpot(TM) 64-Bit Server VM (11.0.18+9-LTS-195) for windows-amd64 JRE (11.0.18+9-LTS-195), built on Dec  6 2022 15:50:58 by "mach5one" with MS VC++ 17.1 (VS2022)

END.
